This is XeTeX, Version 3.141592653-2.6-0.999998 (MiKTeX 26.5) (preloaded format=xelatex.fmt)
 restricted \write18 enabled.
entering extended mode
(main.tex
LaTeX2e <2025-11-01>
L3 programming layer <2026-04-28>
(D:\MiKTeX\tex/latex/base\report.cls
Document Class: report 2025/01/22 v1.4n Standard LaTeX document class
(D:\MiKTeX\tex/latex/base\size12.clo)) (preamble.tex
(D:\MiKTeX\tex/generic/iftex\iftex.sty)
(D:\MiKTeX\tex/latex/fontspec\fontspec.sty
(D:\MiKTeX\tex/latex/l3packages/xparse\xparse.sty
(D:\MiKTeX\tex/latex/l3kernel\expl3.sty
(D:\MiKTeX\tex/latex/l3backend\l3backend-xetex.def)))
(D:\MiKTeX\tex/latex/fontspec\fontspec-xetex.sty
(D:\MiKTeX\tex/latex/base\fontenc.sty)
(D:\MiKTeX\tex/latex/fontspec\fontspec.cfg)))
(D:\MiKTeX\tex/generic/babel\babel.sty (D:\MiKTeX\tex/generic/babel\xebabel.def
)
*************************************
* Local config file bblopts.cfg used
*
(D:\MiKTeX\tex/latex/arabi\bblopts.cfg)
(D:\MiKTeX\tex/generic/babel/locale/vi\babel-vietnamese.tex)
(D:\MiKTeX\tex/latex/babel-vietnamese\vietnamese.ldf

Package babel Warning: No hyphenation patterns were preloaded for
(babel)                the language 'Vietnamese' into the format.
(babel)                Please, configure your TeX system to add them and
(babel)                rebuild the format. Now I will use the patterns
(babel)                preloaded for \language=0 instead on input line 36.

)) (D:\MiKTeX\tex/latex/geometry\geometry.sty
(D:\MiKTeX\tex/latex/graphics\keyval.sty)
(D:\MiKTeX\tex/generic/iftex\ifvtex.sty)
(D:\MiKTeX\tex/latex/geometry\geometry.cfg))
(D:\MiKTeX\tex/latex/setspace\setspace.sty)
(D:\MiKTeX\tex/latex/anyfontsize\anyfontsize.sty)
(D:\MiKTeX\tex/latex/graphics\graphicx.sty
(D:\MiKTeX\tex/latex/graphics\graphics.sty
(D:\MiKTeX\tex/latex/graphics\trig.sty)
(D:\MiKTeX\tex/latex/graphics-cfg\graphics.cfg)
(D:\MiKTeX\tex/latex/graphics-def\xetex.def)))
(D:\MiKTeX\tex/latex/pgf/frontendlayer\tikz.sty
(D:\MiKTeX\tex/latex/pgf/basiclayer\pgf.sty
(D:\MiKTeX\tex/latex/pgf/utilities\pgfrcs.sty
(D:\MiKTeX\tex/generic/pgf/utilities\pgfutil-common.tex)
(D:\MiKTeX\tex/generic/pgf/utilities\pgfutil-latex.def)
(D:\MiKTeX\tex/generic/pgf/utilities\pgfrcs.code.tex
(D:\MiKTeX\tex/generic/pgf\pgf.revision.tex)))
(D:\MiKTeX\tex/latex/pgf/basiclayer\pgfcore.sty
(D:\MiKTeX\tex/latex/pgf/systemlayer\pgfsys.sty
(D:\MiKTeX\tex/generic/pgf/systemlayer\pgfsys.code.tex
(D:\MiKTeX\tex/generic/pgf/utilities\pgfkeys.code.tex
(D:\MiKTeX\tex/generic/pgf/utilities\pgfkeyslibraryfiltered.code.tex))
(D:\MiKTeX\tex/generic/pgf/systemlayer\pgf.cfg)
(D:\MiKTeX\tex/generic/pgf/systemlayer\pgfsys-xetex.def
(D:\MiKTeX\tex/generic/pgf/systemlayer\pgfsys-dvipdfmx.def
(D:\MiKTeX\tex/generic/pgf/systemlayer\pgfsys-common-pdf.def))))
(D:\MiKTeX\tex/generic/pgf/systemlayer\pgfsyssoftpath.code.tex)
(D:\MiKTeX\tex/generic/pgf/systemlayer\pgfsysprotocol.code.tex))
(D:\MiKTeX\tex/latex/xcolor\xcolor.sty
(D:\MiKTeX\tex/latex/graphics-cfg\color.cfg)
(D:\MiKTeX\tex/latex/graphics\mathcolor.ltx))
(D:\MiKTeX\tex/generic/pgf/basiclayer\pgfcore.code.tex
(D:\MiKTeX\tex/generic/pgf/math\pgfmath.code.tex
(D:\MiKTeX\tex/generic/pgf/math\pgfmathutil.code.tex)
(D:\MiKTeX\tex/generic/pgf/math\pgfmathparser.code.tex)
(D:\MiKTeX\tex/generic/pgf/math\pgfmathfunctions.code.tex)
(D:\MiKTeX\tex/generic/pgf/math\pgfmathfunctions.basic.code.tex)
(D:\MiKTeX\tex/generic/pgf/math\pgfmathfunctions.trigonometric.code.tex)
(D:\MiKTeX\tex/generic/pgf/math\pgfmathfunctions.random.code.tex)
(D:\MiKTeX\tex/generic/pgf/math\pgfmathfunctions.comparison.code.tex)
(D:\MiKTeX\tex/generic/pgf/math\pgfmathfunctions.base.code.tex)
(D:\MiKTeX\tex/generic/pgf/math\pgfmathfunctions.round.code.tex)
(D:\MiKTeX\tex/generic/pgf/math\pgfmathfunctions.misc.code.tex)
(D:\MiKTeX\tex/generic/pgf/math\pgfmathfunctions.integerarithmetics.code.tex)
(D:\MiKTeX\tex/generic/pgf/math\pgfmathcalc.code.tex)
(D:\MiKTeX\tex/generic/pgf/math\pgfmathfloat.code.tex))
(D:\MiKTeX\tex/generic/pgf/math\pgfint.code.tex)
(D:\MiKTeX\tex/generic/pgf/basiclayer\pgfcorepoints.code.tex)
(D:\MiKTeX\tex/generic/pgf/basiclayer\pgfcorepathconstruct.code.tex)
(D:\MiKTeX\tex/generic/pgf/basiclayer\pgfcorepathusage.code.tex)
(D:\MiKTeX\tex/generic/pgf/basiclayer\pgfcorescopes.code.tex)
(D:\MiKTeX\tex/generic/pgf/basiclayer\pgfcoregraphicstate.code.tex)
(D:\MiKTeX\tex/generic/pgf/basiclayer\pgfcoretransformations.code.tex)
(D:\MiKTeX\tex/generic/pgf/basiclayer\pgfcorequick.code.tex)
(D:\MiKTeX\tex/generic/pgf/basiclayer\pgfcoreobjects.code.tex)
(D:\MiKTeX\tex/generic/pgf/basiclayer\pgfcorepathprocessing.code.tex)
(D:\MiKTeX\tex/generic/pgf/basiclayer\pgfcorearrows.code.tex)
(D:\MiKTeX\tex/generic/pgf/basiclayer\pgfcoreshade.code.tex)
(D:\MiKTeX\tex/generic/pgf/basiclayer\pgfcoreimage.code.tex)
(D:\MiKTeX\tex/generic/pgf/basiclayer\pgfcoreexternal.code.tex)
(D:\MiKTeX\tex/generic/pgf/basiclayer\pgfcorelayers.code.tex)
(D:\MiKTeX\tex/generic/pgf/basiclayer\pgfcoretransparency.code.tex)
(D:\MiKTeX\tex/generic/pgf/basiclayer\pgfcorepatterns.code.tex)
(D:\MiKTeX\tex/generic/pgf/basiclayer\pgfcorerdf.code.tex)))
(D:\MiKTeX\tex/generic/pgf/modules\pgfmoduleshapes.code.tex)
(D:\MiKTeX\tex/generic/pgf/modules\pgfmoduleplot.code.tex)
(D:\MiKTeX\tex/latex/pgf/compatibility\pgfcomp-version-0-65.sty)
(D:\MiKTeX\tex/latex/pgf/compatibility\pgfcomp-version-1-18.sty))
(D:\MiKTeX\tex/latex/pgf/utilities\pgffor.sty
(D:\MiKTeX\tex/latex/pgf/utilities\pgfkeys.sty
(D:\MiKTeX\tex/generic/pgf/utilities\pgfkeys.code.tex))
(D:\MiKTeX\tex/latex/pgf/math\pgfmath.sty
(D:\MiKTeX\tex/generic/pgf/math\pgfmath.code.tex))
(D:\MiKTeX\tex/generic/pgf/utilities\pgffor.code.tex))
(D:\MiKTeX\tex/generic/pgf/frontendlayer/tikz\tikz.code.tex
(D:\MiKTeX\tex/generic/pgf/libraries\pgflibraryplothandlers.code.tex)
(D:\MiKTeX\tex/generic/pgf/modules\pgfmodulematrix.code.tex)
(D:\MiKTeX\tex/generic/pgf/frontendlayer/tikz/libraries\tikzlibrarytopaths.code
.tex))) (D:\MiKTeX\tex/generic/pgf/libraries\pgflibraryarrows.meta.code.tex)
(D:\MiKTeX\tex/generic/pgf/frontendlayer/tikz/libraries\tikzlibrarypositioning.
code.tex)
(D:\MiKTeX\tex/generic/pgf/frontendlayer/tikz/libraries\tikzlibraryfit.code.tex
)
(D:\MiKTeX\tex/generic/pgf/frontendlayer/tikz/libraries\tikzlibrarybackgrounds.
code.tex) (D:\MiKTeX\tex/latex/float\float.sty)
(D:\MiKTeX\tex/latex/booktabs\booktabs.sty)
(D:\MiKTeX\tex/latex/tools\longtable.sty)
(D:\MiKTeX\tex/latex/tools\tabularx.sty (D:\MiKTeX\tex/latex/tools\array.sty))
(D:\MiKTeX\tex/latex/multirow\multirow.sty)
(D:\MiKTeX\tex/latex/enumitem\enumitem.sty)
(D:\MiKTeX\tex/latex/amsmath\amsmath.sty
For additional information on amsmath, use the `?' option.
(D:\MiKTeX\tex/latex/amsmath\amstext.sty
(D:\MiKTeX\tex/latex/amsmath\amsgen.sty))
(D:\MiKTeX\tex/latex/amsmath\amsbsy.sty)
(D:\MiKTeX\tex/latex/amsmath\amsopn.sty))
(D:\MiKTeX\tex/latex/amsfonts\amssymb.sty
(D:\MiKTeX\tex/latex/amsfonts\amsfonts.sty))
(D:\MiKTeX\tex/latex/caption\caption.sty
(D:\MiKTeX\tex/latex/caption\caption3.sty)
(D:\MiKTeX\tex/latex/caption\ltcaption.sty))
(D:\MiKTeX\tex/latex/caption\subcaption.sty)
(D:\MiKTeX\tex/latex/titlesec\titlesec.sty)
(D:\MiKTeX\tex/latex/tocloft\tocloft.sty)
(D:\MiKTeX\tex/latex/fancyhdr\fancyhdr.sty)
(D:\MiKTeX\tex/latex/hyperref\hyperref.sty
(D:\MiKTeX\tex/latex/kvsetkeys\kvsetkeys.sty)
(D:\MiKTeX\tex/generic/kvdefinekeys\kvdefinekeys.sty)
(D:\MiKTeX\tex/generic/pdfescape\pdfescape.sty
(D:\MiKTeX\tex/generic/ltxcmds\ltxcmds.sty)
(D:\MiKTeX\tex/generic/pdftexcmds\pdftexcmds.sty
(D:\MiKTeX\tex/generic/infwarerr\infwarerr.sty)))
(D:\MiKTeX\tex/latex/hycolor\hycolor.sty)
(D:\MiKTeX\tex/latex/hyperref\nameref.sty
(D:\MiKTeX\tex/latex/refcount\refcount.sty)
(D:\MiKTeX\tex/generic/gettitlestring\gettitlestring.sty
(D:\MiKTeX\tex/latex/kvoptions\kvoptions.sty)))
(D:\MiKTeX\tex/latex/etoolbox\etoolbox.sty)
(D:\MiKTeX\tex/generic/stringenc\stringenc.sty)
(D:\MiKTeX\tex/latex/hyperref\pd1enc.def)
(D:\MiKTeX\tex/generic/intcalc\intcalc.sty)
(D:\MiKTeX\tex/latex/hyperref\puenc.def) (D:\MiKTeX\tex/latex/url\url.sty)
(D:\MiKTeX\tex/generic/bitset\bitset.sty
(D:\MiKTeX\tex/generic/bigintcalc\bigintcalc.sty)))
(D:\MiKTeX\tex/latex/hyperref\hxetex.def
(D:\MiKTeX\tex/latex/rerunfilecheck\rerunfilecheck.sty
(D:\MiKTeX\tex/generic/uniquecounter\uniquecounter.sty)))) (metadata.tex)
(main.aux (chapters/01_mo_dau.aux) (chapters/02_co_so_ly_thuyet_va_phap_ly.aux)
 (chapters/03_du_lieu_va_gan_nhan.aux) (chapters/04_phuong_phap_de_xuat.aux)
(chapters/05_thuc_nghiem_va_danh_gia.aux)
(chapters/06_ket_luan_va_huong_phat_trien.aux))
*geometry* driver: auto-detecting
*geometry* detected driver: xetex
(main.out) (main.out) (cover.tex (D:\MiKTeX\tex/latex/amsfonts\umsa.fd)
(D:\MiKTeX\tex/latex/amsfonts\umsb.fd) [1]) (main.toc [1]) [2] (main.lot)
[3] (main.lof) [4] (chapters/01_mo_dau.tex
Chương 1.
[1] [2] [3]) [4] (chapters/02_co_so_ly_thuyet_va_phap_ly.tex
Chương 2.
[5]) [6] (chapters/03_du_lieu_va_gan_nhan.tex
Chương 3.
[7]
Overfull \hbox (3.73407pt too wide) in paragraph at lines 51--51
[]|\TU/TimesNewRoman(0)/m/n/12 AUTHORITY_REFERENCE| 
[8]) [9] (chapters/04_phuong_phap_de_xuat.tex
Chương 4.
[10] [11] [12]
Underfull \hbox (badness 10000) in paragraph at lines 191--191
[]|\TU/TimesNewRoman(0)/m/n/12 Loss mặc định

Underfull \hbox (badness 10000) in paragraph at lines 191--191
\TU/TimesNewRoman(0)/m/n/12 multi-label;

Underfull \hbox (badness 10000) in paragraph at lines 191--191
\TU/lmtt/m/n/12 BCEWithLogitsLoss

Underfull \hbox (badness 2818) in paragraph at lines 191--191
[]|\TU/TimesNewRoman(0)/m/n/12 Xử lý mất cân bằng

Underfull \hbox (badness 4303) in paragraph at lines 191--191
[]|\TU/TimesNewRoman(0)/m/n/12 Chọn theo \TU/lmtt/m/n/12 eval_loss\TU/TimesNewR
oman(0)/m/n/12 ;

Underfull \hbox (badness 10000) in paragraph at lines 191--191
[]|\TU/TimesNewRoman(0)/m/n/12 Threshold 0.5; auto

Underfull \hbox (badness 4886) in paragraph at lines 191--191
[]|\TU/TimesNewRoman(0)/m/n/12 Split ngẫu nhiên; split
[13]) [14] (chapters/05_thuc_nghiem_va_danh_gia.tex
Chương 5.
[15] [16] [17]) [18] [19] (chapters/06_ket_luan_va_huong_phat_trien.tex
Chương 6.
[20]) [21] (references.tex) [22] (main.aux (chapters/01_mo_dau.aux)
(chapters/02_co_so_ly_thuyet_va_phap_ly.aux)
(chapters/03_du_lieu_va_gan_nhan.aux) (chapters/04_phuong_phap_de_xuat.aux)
(chapters/05_thuc_nghiem_va_danh_gia.aux)
(chapters/06_ket_luan_va_huong_phat_trien.aux)) )
(see the transcript file for additional information)
Output written on main.pdf (27 pages).
Transcript written on main.log.
