This is XeTeX, Version 3.141592653-2.6-0.999998 (MiKTeX 26.5) (preloaded format=xelatex 2026.6.9)  13 JUN 2026 16:35
entering extended mode
 restricted \write18 enabled.
 %&-line parsing enabled.
**./main.tex
(main.tex
LaTeX2e <2026-06-01>
L3 programming layer <2026-05-26>
(D:\MiKTeX\tex/latex/base\report.cls
Document Class: report 2025/01/22 v1.4n Standard LaTeX document class
(D:\MiKTeX\tex/latex/base\size12.clo
File: size12.clo 2025/01/22 v1.4n Standard LaTeX file (size option)
)
\c@part=\count273
\c@chapter=\count274
\c@section=\count275
\c@subsection=\count276
\c@subsubsection=\count277
\c@paragraph=\count278
\c@subparagraph=\count279
\c@figure=\count280
\c@table=\count281
\abovecaptionskip=\skip49
\belowcaptionskip=\skip50
\bibindent=\dimen150
) (preamble.tex
(D:\MiKTeX\tex/generic/iftex\iftex.sty
Package: iftex 2024/12/12 v1.0g TeX engine tests
)
(D:\MiKTeX\tex/latex/fontspec\fontspec.sty
(D:\MiKTeX\tex/latex/l3packages/xparse\xparse.sty
(D:\MiKTeX\tex/latex/l3kernel\expl3.sty
Package: expl3 2026-05-26 L3 programming layer (loader) 

(D:\MiKTeX\tex/latex/l3backend\l3backend-xetex.def
File: l3backend-xetex.def 2026-02-18 L3 backend support: XeTeX
\g__graphics_track_int=\count282
\g__pdfannot_backend_int=\count283
\g__pdfannot_backend_link_int=\count284
))
Package: xparse 2025-10-09 L3 Experimental document command parser
)
Package: fontspec 2025/09/29 v2.9g Font selection for XeLaTeX and LuaLaTeX

(D:\MiKTeX\tex/latex/fontspec\fontspec-xetex.sty
Package: fontspec-xetex 2025/09/29 v2.9g Font selection for XeLaTeX and LuaLaTe
X
\l__fontspec_script_int=\count285
\l__fontspec_language_int=\count286
\l__fontspec_strnum_int=\count287
\l__fontspec_tmp_int=\count288
\l__fontspec_tmpa_int=\count289
\l__fontspec_tmpb_int=\count290
\l__fontspec_tmpc_int=\count291
\l__fontspec_em_int=\count292
\l__fontspec_emdef_int=\count293
\l__fontspec_strong_int=\count294
\l__fontspec_strongdef_int=\count295
\l__fontspec_tmpa_dim=\dimen151
\l__fontspec_tmpb_dim=\dimen152
\l__fontspec_tmpc_dim=\dimen153

(D:\MiKTeX\tex/latex/base\fontenc.sty
Package: fontenc 2025/07/18 v2.1d Standard LaTeX package
)
(D:\MiKTeX\tex/latex/fontspec\fontspec.cfg)))

Package fontspec Info: 
(fontspec)             Font family 'TimesNewRoman(0)' created for font 'Times
(fontspec)             New Roman' with options [Ligatures=TeX,Ligatures=TeX].
(fontspec)              
(fontspec)              This font family consists of the following NFSS
(fontspec)             series/shapes:
(fontspec)              
(fontspec)             - 'normal' (m/n) with NFSS spec.: <->"Times New
(fontspec)             Roman/OT:script=latn;language=dflt;mapping=tex-text;"
(fontspec)             - 'small caps'  (m/sc) with NFSS spec.: <->"Times New
(fontspec)             Roman/OT:script=latn;language=dflt;+smcp;mapping=tex-tex
t;"
(fontspec)             - 'bold' (b/n) with NFSS spec.: <->"Times New
(fontspec)             Roman/B/OT:script=latn;language=dflt;mapping=tex-text;"
(fontspec)             - 'bold small caps'  (b/sc) with NFSS spec.: <->"Times
(fontspec)             New
(fontspec)             Roman/B/OT:script=latn;language=dflt;+smcp;mapping=tex-t
ext;"
(fontspec)             - 'italic' (m/it) with NFSS spec.: <->"Times New
(fontspec)             Roman/I/OT:script=latn;language=dflt;mapping=tex-text;"
(fontspec)             - 'italic small caps'  (m/scit) with NFSS spec.:
(fontspec)             <->"Times New
(fontspec)             Roman/I/OT:script=latn;language=dflt;+smcp;mapping=tex-t
ext;"
(fontspec)             - 'bold italic' (b/it) with NFSS spec.: <->"Times New
(fontspec)             Roman/BI/OT:script=latn;language=dflt;mapping=tex-text;"

(fontspec)             - 'bold italic small caps'  (b/scit) with NFSS spec.:
(fontspec)             <->"Times New
(fontspec)             Roman/BI/OT:script=latn;language=dflt;+smcp;mapping=tex-
text;"


Package fontspec Info: 
(fontspec)             Consolas scale = 0.9123482311684742.


Package fontspec Info: 
(fontspec)             Consolas scale = 0.9123482311684742.


Package fontspec Info: 
(fontspec)             Consolas/B scale = 0.9015724922785119.


Package fontspec Info: 
(fontspec)             Consolas/I scale = 0.9123482311684742.


Package fontspec Info: 
(fontspec)             Consolas/BI scale = 0.9015724922785119.


Package fontspec Info: 
(fontspec)             Font family 'Consolas(0)' created for font 'Consolas'
(fontspec)             with options
(fontspec)             [WordSpace={1,0,0},HyphenChar=None,PunctuationSpace=Word
Space,Scale=MatchLowercase].
(fontspec)              
(fontspec)              This font family consists of the following NFSS
(fontspec)             series/shapes:
(fontspec)              
(fontspec)             - 'normal' (m/n) with NFSS spec.:
(fontspec)             <->s*[0.9123482311684742]"Consolas/OT:script=latn;langua
ge=dflt;"
(fontspec)             - 'bold' (b/n) with NFSS spec.:
(fontspec)             <->s*[0.9015724922785119]"Consolas/B/OT:script=latn;lang
uage=dflt;"
(fontspec)             - 'italic' (m/it) with NFSS spec.:
(fontspec)             <->s*[0.9123482311684742]"Consolas/I/OT:script=latn;lang
uage=dflt;"
(fontspec)             - 'bold italic' (b/it) with NFSS spec.:
(fontspec)             <->s*[0.9015724922785119]"Consolas/BI/OT:script=latn;lan
guage=dflt;"


(D:\MiKTeX\tex/generic/babel\babel.sty
Package: babel 2026/05/20 v26.8 The multilingual framework for LuaLaTeX, pdfLaT
eX and XeLaTeX
\babel@savecnt=\count296
LaTeX Encoding Info:    Redeclaring text command \ij (encoding OT1) on input li
ne 2084.
LaTeX Encoding Info:    Redeclaring text command \IJ (encoding OT1) on input li
ne 2086.
LaTeX Encoding Info:    Redeclaring text command \ij (encoding T1) on input lin
e 2088.
LaTeX Encoding Info:    Redeclaring text command \IJ (encoding T1) on input lin
e 2089.
LaTeX Encoding Info:    Ignoring declaration for text command \ij (encoding ?) 
on input line 2090.
LaTeX Encoding Info:    Ignoring declaration for text command \IJ (encoding ?) 
on input line 2092.
LaTeX Encoding Info:    Ignoring declaration for text command \SS (encoding ?) 
on input line 2117.
\U@D=\dimen154
\l@unhyphenated=\language79
 (D:\MiKTeX\tex/generic/babel\xebabel.def)
\bbl@readstream=\read2
\bbl@dirlevel=\count297
Package babel Info: Configuration files are deprecated, as
(babel)             they can break document portability.
(babel)             Reported on input line 4228.

*************************************
* Local config file bblopts.cfg used
*
(D:\MiKTeX\tex/latex/arabi\bblopts.cfg
File: bblopts.cfg 2005/09/08 v0.1 add Arabic and Farsi to "declared" options of
 babel
)
(D:\MiKTeX\tex/generic/babel/locale/vi\babel-vietnamese.tex)
Package babel Info: Importing font and identification data for vietnamese
(babel)             from babel-vi.ini. Reported on input line 4356.

(D:\MiKTeX\tex/latex/babel-vietnamese\vietnamese.ldf
Language: vietnamese 


Package babel Warning: No hyphenation patterns were preloaded for
(babel)                the language 'Vietnamese' into the format.
(babel)                Please, configure your TeX system to add them and
(babel)                rebuild the format. Now I will use the patterns
(babel)                preloaded for \language=0 instead on input line 36.

Package babel Info: Hyphen rules for 'vietnamese' set to \l@english
(babel)             (\language0). Reported on input line 37.
Package babel Info: Hyphen rules for 'vietnam' set to \l@english
(babel)             (\language0). Reported on input line 38.
Package babel Info: Making " an active character on input line 147.
)) (D:\MiKTeX\tex/latex/geometry\geometry.sty
Package: geometry 2026/03/07 v6.0 Page Geometry

(D:\MiKTeX\tex/latex/graphics\keyval.sty
Package: keyval 2026-05-17 v1.15 key=value parser (DPC)
\KV@toks@=\toks17
)
(D:\MiKTeX\tex/generic/iftex\ifvtex.sty
Package: ifvtex 2019/10/25 v1.7 ifvtex legacy package. Use iftex instead.
)
\Gm@cnth=\count298
\Gm@cntv=\count299
\c@Gm@tempcnt=\count300
\Gm@bindingoffset=\dimen155
\Gm@wd@mp=\dimen156
\Gm@odd@mp=\dimen157
\Gm@even@mp=\dimen158
\Gm@layoutwidth=\dimen159
\Gm@layoutheight=\dimen160
\Gm@layouthoffset=\dimen161
\Gm@layoutvoffset=\dimen162
\Gm@dimlist=\toks18

(D:\MiKTeX\tex/latex/geometry\geometry.cfg))
(D:\MiKTeX\tex/latex/setspace\setspace.sty
Package: setspace 2022/12/04 v6.7b set line spacing
)
(D:\MiKTeX\tex/latex/anyfontsize\anyfontsize.sty
Invalid UTF-8 byte or sequence at line 3 replaced by U+FFFD.
Invalid UTF-8 byte or sequence at line 3 replaced by U+FFFD.
Package: anyfontsize 2007/11/22 anyfontsize.sty by pts
)
(D:\MiKTeX\tex/latex/graphics\graphicx.sty
Package: graphicx 2026-05-17 v1.2e Enhanced LaTeX Graphics (DPC,SPQR)

(D:\MiKTeX\tex/latex/graphics\graphics.sty
Package: graphics 2026-05-17 v1.4h Standard LaTeX Graphics (DPC,SPQR)

(D:\MiKTeX\tex/latex/graphics\trig.sty
Package: trig 2023/12/02 v1.11 sin cos tan (DPC)
)
(D:\MiKTeX\tex/latex/graphics-cfg\graphics.cfg
File: graphics.cfg 2016/06/04 v1.11 sample graphics configuration
)
Package graphics Info: Driver file: xetex.def on input line 106.

(D:\MiKTeX\tex/latex/graphics-def\xetex.def
File: xetex.def 2025/11/01 v5.0p Graphics/color driver for xetex
))
\Gin@req@height=\dimen163
\Gin@req@width=\dimen164
)
(D:\MiKTeX\tex/latex/pgf/frontendlayer\tikz.sty
(D:\MiKTeX\tex/latex/pgf/basiclayer\pgf.sty
(D:\MiKTeX\tex/latex/pgf/utilities\pgfrcs.sty
(D:\MiKTeX\tex/generic/pgf/utilities\pgfutil-common.tex
\pgfutil@everybye=\toks19
\pgfutil@tempdima=\dimen165
\pgfutil@tempdimb=\dimen166
)
(D:\MiKTeX\tex/generic/pgf/utilities\pgfutil-latex.def
\pgfutil@abb=\box53
)
(D:\MiKTeX\tex/generic/pgf/utilities\pgfrcs.code.tex
(D:\MiKTeX\tex/generic/pgf\pgf.revision.tex)
Package: pgfrcs 2025-08-29 v3.1.11a (3.1.11a)
))
Package: pgf 2025-08-29 v3.1.11a (3.1.11a)

(D:\MiKTeX\tex/latex/pgf/basiclayer\pgfcore.sty
(D:\MiKTeX\tex/latex/pgf/systemlayer\pgfsys.sty
(D:\MiKTeX\tex/generic/pgf/systemlayer\pgfsys.code.tex
Package: pgfsys 2025-08-29 v3.1.11a (3.1.11a)

(D:\MiKTeX\tex/generic/pgf/utilities\pgfkeys.code.tex
\pgfkeys@pathtoks=\toks20
\pgfkeys@temptoks=\toks21

(D:\MiKTeX\tex/generic/pgf/utilities\pgfkeyslibraryfiltered.code.tex
\pgfkeys@tmptoks=\toks22
))
\pgf@x=\dimen167
\pgf@y=\dimen168
\pgf@xa=\dimen169
\pgf@ya=\dimen170
\pgf@xb=\dimen171
\pgf@yb=\dimen172
\pgf@xc=\dimen173
\pgf@yc=\dimen174
\pgf@xd=\dimen175
\pgf@yd=\dimen176
\w@pgf@writea=\write3
\r@pgf@reada=\read3
\c@pgf@counta=\count301
\c@pgf@countb=\count302
\c@pgf@countc=\count303
\c@pgf@countd=\count304
\t@pgf@toka=\toks23
\t@pgf@tokb=\toks24
\t@pgf@tokc=\toks25
\pgf@sys@id@count=\count305

(D:\MiKTeX\tex/generic/pgf/systemlayer\pgf.cfg
File: pgf.cfg 2025-08-29 v3.1.11a (3.1.11a)
)
Driver file for pgf: pgfsys-xetex.def

(D:\MiKTeX\tex/generic/pgf/systemlayer\pgfsys-xetex.def
File: pgfsys-xetex.def 2025-08-29 v3.1.11a (3.1.11a)

(D:\MiKTeX\tex/generic/pgf/systemlayer\pgfsys-dvipdfmx.def
File: pgfsys-dvipdfmx.def 2025-08-29 v3.1.11a (3.1.11a)

(D:\MiKTeX\tex/generic/pgf/systemlayer\pgfsys-common-pdf.def
File: pgfsys-common-pdf.def 2025-08-29 v3.1.11a (3.1.11a)
)
\pgfsys@objnum=\count306
)))
(D:\MiKTeX\tex/generic/pgf/systemlayer\pgfsyssoftpath.code.tex
File: pgfsyssoftpath.code.tex 2025-08-29 v3.1.11a (3.1.11a)
\pgfsyssoftpath@smallbuffer@items=\count307
\pgfsyssoftpath@bigbuffer@items=\count308
)
(D:\MiKTeX\tex/generic/pgf/systemlayer\pgfsysprotocol.code.tex
File: pgfsysprotocol.code.tex 2025-08-29 v3.1.11a (3.1.11a)
))
(D:\MiKTeX\tex/latex/xcolor\xcolor.sty
Package: xcolor 2024/09/29 v3.02 LaTeX color extensions (UK)

(D:\MiKTeX\tex/latex/graphics-cfg\color.cfg
File: color.cfg 2016/01/02 v1.6 sample color configuration
)
Package xcolor Info: Driver file: xetex.def on input line 274.

(D:\MiKTeX\tex/latex/graphics\mathcolor.ltx)
Package xcolor Info: Model `cmy' substituted by `cmy0' on input line 1349.
Package xcolor Info: Model `RGB' extended on input line 1365.
Package xcolor Info: Model `HTML' substituted by `rgb' on input line 1367.
Package xcolor Info: Model `Hsb' substituted by `hsb' on input line 1368.
Package xcolor Info: Model `tHsb' substituted by `hsb' on input line 1369.
Package xcolor Info: Model `HSB' substituted by `hsb' on input line 1370.
Package xcolor Info: Model `Gray' substituted by `gray' on input line 1371.
Package xcolor Info: Model `wave' substituted by `hsb' on input line 1372.
)
(D:\MiKTeX\tex/generic/pgf/basiclayer\pgfcore.code.tex
Package: pgfcore 2025-08-29 v3.1.11a (3.1.11a)

(D:\MiKTeX\tex/generic/pgf/math\pgfmath.code.tex
(D:\MiKTeX\tex/generic/pgf/math\pgfmathutil.code.tex)
(D:\MiKTeX\tex/generic/pgf/math\pgfmathparser.code.tex
\pgfmath@dimen=\dimen177
\pgfmath@count=\count309
\pgfmath@box=\box54
\pgfmath@toks=\toks26
\pgfmath@stack@operand=\toks27
\pgfmath@stack@operation=\toks28
)
(D:\MiKTeX\tex/generic/pgf/math\pgfmathfunctions.code.tex)
(D:\MiKTeX\tex/generic/pgf/math\pgfmathfunctions.basic.code.tex)
(D:\MiKTeX\tex/generic/pgf/math\pgfmathfunctions.trigonometric.code.tex)
(D:\MiKTeX\tex/generic/pgf/math\pgfmathfunctions.random.code.tex)
(D:\MiKTeX\tex/generic/pgf/math\pgfmathfunctions.comparison.code.tex)
(D:\MiKTeX\tex/generic/pgf/math\pgfmathfunctions.base.code.tex)
(D:\MiKTeX\tex/generic/pgf/math\pgfmathfunctions.round.code.tex)
(D:\MiKTeX\tex/generic/pgf/math\pgfmathfunctions.misc.code.tex)
(D:\MiKTeX\tex/generic/pgf/math\pgfmathfunctions.integerarithmetics.code.tex)
(D:\MiKTeX\tex/generic/pgf/math\pgfmathcalc.code.tex)
(D:\MiKTeX\tex/generic/pgf/math\pgfmathfloat.code.tex
\c@pgfmathroundto@lastzeros=\count310
))
(D:\MiKTeX\tex/generic/pgf/math\pgfint.code.tex)
(D:\MiKTeX\tex/generic/pgf/basiclayer\pgfcorepoints.code.tex
File: pgfcorepoints.code.tex 2025-08-29 v3.1.11a (3.1.11a)
\pgf@picminx=\dimen178
\pgf@picmaxx=\dimen179
\pgf@picminy=\dimen180
\pgf@picmaxy=\dimen181
\pgf@pathminx=\dimen182
\pgf@pathmaxx=\dimen183
\pgf@pathminy=\dimen184
\pgf@pathmaxy=\dimen185
\pgf@xx=\dimen186
\pgf@xy=\dimen187
\pgf@yx=\dimen188
\pgf@yy=\dimen189
\pgf@zx=\dimen190
\pgf@zy=\dimen191
)
(D:\MiKTeX\tex/generic/pgf/basiclayer\pgfcorepathconstruct.code.tex
File: pgfcorepathconstruct.code.tex 2025-08-29 v3.1.11a (3.1.11a)
\pgf@path@lastx=\dimen192
\pgf@path@lasty=\dimen193
)
(D:\MiKTeX\tex/generic/pgf/basiclayer\pgfcorepathusage.code.tex
File: pgfcorepathusage.code.tex 2025-08-29 v3.1.11a (3.1.11a)
\pgf@shorten@end@additional=\dimen194
\pgf@shorten@start@additional=\dimen195
)
(D:\MiKTeX\tex/generic/pgf/basiclayer\pgfcorescopes.code.tex
File: pgfcorescopes.code.tex 2025-08-29 v3.1.11a (3.1.11a)
\pgfpic=\box55
\pgf@hbox=\box56
\pgf@layerbox@main=\box57
\pgf@picture@serial@count=\count311
)
(D:\MiKTeX\tex/generic/pgf/basiclayer\pgfcoregraphicstate.code.tex
File: pgfcoregraphicstate.code.tex 2025-08-29 v3.1.11a (3.1.11a)
\pgflinewidth=\dimen196
)
(D:\MiKTeX\tex/generic/pgf/basiclayer\pgfcoretransformations.code.tex
File: pgfcoretransformations.code.tex 2025-08-29 v3.1.11a (3.1.11a)
\pgf@pt@x=\dimen197
\pgf@pt@y=\dimen198
\pgf@pt@temp=\dimen199
)
(D:\MiKTeX\tex/generic/pgf/basiclayer\pgfcorequick.code.tex
File: pgfcorequick.code.tex 2025-08-29 v3.1.11a (3.1.11a)
)
(D:\MiKTeX\tex/generic/pgf/basiclayer\pgfcoreobjects.code.tex
File: pgfcoreobjects.code.tex 2025-08-29 v3.1.11a (3.1.11a)
)
(D:\MiKTeX\tex/generic/pgf/basiclayer\pgfcorepathprocessing.code.tex
File: pgfcorepathprocessing.code.tex 2025-08-29 v3.1.11a (3.1.11a)
)
(D:\MiKTeX\tex/generic/pgf/basiclayer\pgfcorearrows.code.tex
File: pgfcorearrows.code.tex 2025-08-29 v3.1.11a (3.1.11a)
\pgfarrowsep=\dimen256
)
(D:\MiKTeX\tex/generic/pgf/basiclayer\pgfcoreshade.code.tex
File: pgfcoreshade.code.tex 2025-08-29 v3.1.11a (3.1.11a)
\pgf@max=\dimen257
\pgf@sys@shading@range@num=\count312
\pgf@shadingcount=\count313
)
(D:\MiKTeX\tex/generic/pgf/basiclayer\pgfcoreimage.code.tex
File: pgfcoreimage.code.tex 2025-08-29 v3.1.11a (3.1.11a)
)
(D:\MiKTeX\tex/generic/pgf/basiclayer\pgfcoreexternal.code.tex
File: pgfcoreexternal.code.tex 2025-08-29 v3.1.11a (3.1.11a)
\pgfexternal@startupbox=\box58
)
(D:\MiKTeX\tex/generic/pgf/basiclayer\pgfcorelayers.code.tex
File: pgfcorelayers.code.tex 2025-08-29 v3.1.11a (3.1.11a)
)
(D:\MiKTeX\tex/generic/pgf/basiclayer\pgfcoretransparency.code.tex
File: pgfcoretransparency.code.tex 2025-08-29 v3.1.11a (3.1.11a)
)
(D:\MiKTeX\tex/generic/pgf/basiclayer\pgfcorepatterns.code.tex
File: pgfcorepatterns.code.tex 2025-08-29 v3.1.11a (3.1.11a)
)
(D:\MiKTeX\tex/generic/pgf/basiclayer\pgfcorerdf.code.tex
File: pgfcorerdf.code.tex 2025-08-29 v3.1.11a (3.1.11a)
)))
(D:\MiKTeX\tex/generic/pgf/modules\pgfmoduleshapes.code.tex
File: pgfmoduleshapes.code.tex 2025-08-29 v3.1.11a (3.1.11a)
\pgfnodeparttextbox=\box59
)
(D:\MiKTeX\tex/generic/pgf/modules\pgfmoduleplot.code.tex
File: pgfmoduleplot.code.tex 2025-08-29 v3.1.11a (3.1.11a)
)
(D:\MiKTeX\tex/latex/pgf/compatibility\pgfcomp-version-0-65.sty
Package: pgfcomp-version-0-65 2025-08-29 v3.1.11a (3.1.11a)
\pgf@nodesepstart=\dimen258
\pgf@nodesepend=\dimen259
)
(D:\MiKTeX\tex/latex/pgf/compatibility\pgfcomp-version-1-18.sty
Package: pgfcomp-version-1-18 2025-08-29 v3.1.11a (3.1.11a)
))
(D:\MiKTeX\tex/latex/pgf/utilities\pgffor.sty
(D:\MiKTeX\tex/latex/pgf/utilities\pgfkeys.sty
(D:\MiKTeX\tex/generic/pgf/utilities\pgfkeys.code.tex))
(D:\MiKTeX\tex/latex/pgf/math\pgfmath.sty
(D:\MiKTeX\tex/generic/pgf/math\pgfmath.code.tex))
(D:\MiKTeX\tex/generic/pgf/utilities\pgffor.code.tex
Package: pgffor 2025-08-29 v3.1.11a (3.1.11a)
\pgffor@iter=\dimen260
\pgffor@skip=\dimen261
\pgffor@stack=\toks29
\pgffor@toks=\toks30
))
(D:\MiKTeX\tex/generic/pgf/frontendlayer/tikz\tikz.code.tex
Package: tikz 2025-08-29 v3.1.11a (3.1.11a)

(D:\MiKTeX\tex/generic/pgf/libraries\pgflibraryplothandlers.code.tex
File: pgflibraryplothandlers.code.tex 2025-08-29 v3.1.11a (3.1.11a)
\pgf@plot@mark@count=\count314
\pgfplotmarksize=\dimen262
)
\tikz@lastx=\dimen263
\tikz@lasty=\dimen264
\tikz@lastxsaved=\dimen265
\tikz@lastysaved=\dimen266
\tikz@lastmovetox=\dimen267
\tikz@lastmovetoy=\dimen268
\tikzleveldistance=\dimen269
\tikzsiblingdistance=\dimen270
\tikz@figbox=\box60
\tikz@figbox@bg=\box61
\tikz@tempbox=\box62
\tikz@tempbox@bg=\box63
\tikztreelevel=\count315
\tikznumberofchildren=\count316
\tikznumberofcurrentchild=\count317
\tikz@fig@count=\count318

(D:\MiKTeX\tex/generic/pgf/modules\pgfmodulematrix.code.tex
File: pgfmodulematrix.code.tex 2025-08-29 v3.1.11a (3.1.11a)
\pgfmatrixcurrentrow=\count319
\pgfmatrixcurrentcolumn=\count320
\pgf@matrix@numberofcolumns=\count321
)
\tikz@expandcount=\count322

(D:\MiKTeX\tex/generic/pgf/frontendlayer/tikz/libraries\tikzlibrarytopaths.code
.tex
File: tikzlibrarytopaths.code.tex 2025-08-29 v3.1.11a (3.1.11a)
))) (D:\MiKTeX\tex/generic/pgf/libraries\pgflibraryarrows.meta.code.tex
File: pgflibraryarrows.meta.code.tex 2025-08-29 v3.1.11a (3.1.11a)
\pgfarrowinset=\dimen271
\pgfarrowlength=\dimen272
\pgfarrowwidth=\dimen273
\pgfarrowlinewidth=\dimen274
)
(D:\MiKTeX\tex/generic/pgf/frontendlayer/tikz/libraries\tikzlibrarypositioning.
code.tex
File: tikzlibrarypositioning.code.tex 2025-08-29 v3.1.11a (3.1.11a)
)
(D:\MiKTeX\tex/generic/pgf/frontendlayer/tikz/libraries\tikzlibraryfit.code.tex
File: tikzlibraryfit.code.tex 2025-08-29 v3.1.11a (3.1.11a)
)
(D:\MiKTeX\tex/generic/pgf/frontendlayer/tikz/libraries\tikzlibrarybackgrounds.
code.tex
File: tikzlibrarybackgrounds.code.tex 2025-08-29 v3.1.11a (3.1.11a)
\pgf@layerbox@background=\box64
\pgf@layerboxsaved@background=\box65
)
(D:\MiKTeX\tex/generic/pgf/frontendlayer/tikz/libraries\tikzlibraryshapes.geome
tric.code.tex
File: tikzlibraryshapes.geometric.code.tex 2025-08-29 v3.1.11a (3.1.11a)

(D:\MiKTeX\tex/generic/pgf/libraries/shapes\pgflibraryshapes.geometric.code.tex
File: pgflibraryshapes.geometric.code.tex 2025-08-29 v3.1.11a (3.1.11a)
)) (D:\MiKTeX\tex/latex/float\float.sty
Package: float 2001/11/08 v1.3d Float enhancements (AL)
\c@float@type=\count323
\float@exts=\toks31
\float@box=\box66
\@float@everytoks=\toks32
\@floatcapt=\box67
)
(D:\MiKTeX\tex/latex/booktabs\booktabs.sty
Package: booktabs 2020/01/12 v1.61803398 Publication quality tables
\heavyrulewidth=\dimen275
\lightrulewidth=\dimen276
\cmidrulewidth=\dimen277
\belowrulesep=\dimen278
\belowbottomsep=\dimen279
\aboverulesep=\dimen280
\abovetopsep=\dimen281
\cmidrulesep=\dimen282
\cmidrulekern=\dimen283
\defaultaddspace=\dimen284
\@cmidla=\count324
\@cmidlb=\count325
\@aboverulesep=\dimen285
\@belowrulesep=\dimen286
\@thisruleclass=\count326
\@lastruleclass=\count327
\@thisrulewidth=\dimen287
)
(D:\MiKTeX\tex/latex/tools\longtable.sty
Package: longtable 2026-01-28 v4.27 Multi-page Table package (DPC)
\LTleft=\skip51
\LTright=\skip52
\LTpre=\skip53
\LTpost=\skip54
\LTchunksize=\count328
\LTcapwidth=\dimen288
\LT@head=\box68
\LT@firsthead=\box69
\LT@foot=\box70
\LT@lastfoot=\box71
\LT@gbox=\box72
\LT@cols=\count329
\LT@rows=\count330
\c@LT@tables=\count331
\c@LT@chunks=\count332
\LT@p@ftn=\toks33
)
(D:\MiKTeX\tex/latex/tools\tabularx.sty
Package: tabularx 2023/12/11 v2.12a `tabularx' package (DPC)
 (D:\MiKTeX\tex/latex/tools\array.sty
Package: array 2026/02/24 v2.7b Tabular extension package (FMi)
\col@sep=\dimen289
\ar@mcellbox=\box73
\extrarowheight=\dimen290
\NC@list=\toks34
\extratabsurround=\skip55
\backup@length=\skip56
\ar@cellbox=\box74
)
\TX@col@width=\dimen291
\TX@old@table=\dimen292
\TX@old@col=\dimen293
\TX@target=\dimen294
\TX@delta=\dimen295
\TX@cols=\count333
\TX@ftn=\toks35
)
(D:\MiKTeX\tex/latex/ragged2e\ragged2e.sty
Package: ragged2e 2023/06/22 v3.6 ragged2e Package
\CenteringLeftskip=\skip57
\RaggedLeftLeftskip=\skip58
\RaggedRightLeftskip=\skip59
\CenteringRightskip=\skip60
\RaggedLeftRightskip=\skip61
\RaggedRightRightskip=\skip62
\CenteringParfillskip=\skip63
\RaggedLeftParfillskip=\skip64
\RaggedRightParfillskip=\skip65
\JustifyingParfillskip=\skip66
\CenteringParindent=\skip67
\RaggedLeftParindent=\skip68
\RaggedRightParindent=\skip69
\JustifyingParindent=\skip70
)
(D:\MiKTeX\tex/latex/multirow\multirow.sty
Package: multirow 2024/11/12 v2.9 Span multiple rows of a table
\multirow@colwidth=\skip71
\multirow@cntb=\count334
\multirow@dima=\skip72
\bigstrutjot=\dimen296
)
(D:\MiKTeX\tex/latex/enumitem\enumitem.sty
Package: enumitem 2025/02/06 v3.11 Customized lists
\labelindent=\skip73
\enit@outerparindent=\dimen297
\enit@toks=\toks36
\enit@inbox=\box75
\enit@count@id=\count335
\enitdp@description=\count336
)
(D:\MiKTeX\tex/latex/amsmath\amsmath.sty
Package: amsmath 2026/05/19 v2.18d AMS math features
\@mathmargin=\skip74

For additional information on amsmath, use the `?' option.
(D:\MiKTeX\tex/latex/amsmath\amstext.sty
Package: amstext 2024/11/17 v2.01 AMS text

(D:\MiKTeX\tex/latex/amsmath\amsgen.sty
File: amsgen.sty 1999/11/30 v2.0 generic functions
\@emptytoks=\toks37
\ex@=\dimen298
))
(D:\MiKTeX\tex/latex/amsmath\amsbsy.sty
Package: amsbsy 1999/11/29 v1.2d Bold Symbols
\pmbraise@=\dimen299
)
(D:\MiKTeX\tex/latex/amsmath\amsopn.sty
Package: amsopn 2022/04/08 v2.04 operator names
)
\inf@bad=\count337
LaTeX Info: Redefining \frac on input line 233.
\uproot@=\count338
\leftroot@=\count339
LaTeX Info: Redefining \overline on input line 398.
LaTeX Info: Redefining \colon on input line 409.
\classnum@=\count340
\DOTSCASE@=\count341
LaTeX Info: Redefining \ldots on input line 495.
LaTeX Info: Redefining \dots on input line 498.
LaTeX Info: Redefining \cdots on input line 619.
\Mathstrutbox@=\box76
\strutbox@=\box77
LaTeX Info: Redefining \big on input line 721.
LaTeX Info: Redefining \Big on input line 722.
LaTeX Info: Redefining \bigg on input line 723.
LaTeX Info: Redefining \Bigg on input line 724.
\big@size=\dimen300
LaTeX Font Info:    Redeclaring font encoding OML on input line 742.
LaTeX Font Info:    Redeclaring font encoding OMS on input line 743.
\macc@depth=\count342
LaTeX Info: Redefining \bmod on input line 904.
LaTeX Info: Redefining \pmod on input line 909.
LaTeX Info: Redefining \smash on input line 939.
LaTeX Info: Redefining \relbar on input line 969.
LaTeX Info: Redefining \Relbar on input line 970.
\c@MaxMatrixCols=\count343
\dotsspace@=\muskip17
\c@parentequation=\count344
\dspbrk@lvl=\count345
\tag@help=\toks38
\row@=\count346
\column@=\count347
\maxfields@=\count348
\andhelp@=\toks39
\eqnshift@=\dimen301
\alignsep@=\dimen302
\tagshift@=\dimen303
\tagwidth@=\dimen304
\totwidth@=\dimen305
\lineht@=\dimen306
\@envbody=\toks40
\multlinegap=\skip75
\multlinetaggap=\skip76
\mathdisplay@stack=\toks41
LaTeX Info: Redefining \[ on input line 2965.
LaTeX Info: Redefining \] on input line 2966.
)
(D:\MiKTeX\tex/latex/amsfonts\amssymb.sty
Package: amssymb 2013/01/14 v3.01 AMS font symbols

(D:\MiKTeX\tex/latex/amsfonts\amsfonts.sty
Package: amsfonts 2013/01/14 v3.01 Basic AMSFonts support
\symAMSa=\mathgroup4
\symAMSb=\mathgroup5
LaTeX Font Info:    Redeclaring math symbol \hbar on input line 98.
LaTeX Font Info:    Overwriting math alphabet `\mathfrak' in version `bold'
(Font)                  U/euf/m/n --> U/euf/b/n on input line 106.
))
(D:\MiKTeX\tex/latex/caption\caption.sty
Package: caption 2023/08/05 v3.6o Customizing captions (AR)

(D:\MiKTeX\tex/latex/caption\caption3.sty
Package: caption3 2023/07/31 v2.4d caption3 kernel (AR)
\caption@tempdima=\dimen307
\captionmargin=\dimen308
\caption@leftmargin=\dimen309
\caption@rightmargin=\dimen310
\caption@width=\dimen311
\caption@indent=\dimen312
\caption@parindent=\dimen313
\caption@hangindent=\dimen314
Package caption Info: Standard document class detected.
)
\c@caption@flags=\count349
\c@continuedfloat=\count350
Package caption Info: float package is loaded.
Package caption Info: longtable package is loaded.

(D:\MiKTeX\tex/latex/caption\ltcaption.sty
Package: ltcaption 2021/01/08 v1.4c longtable captions (AR)
))
(D:\MiKTeX\tex/latex/caption\subcaption.sty
Package: subcaption 2023/07/28 v1.6b Sub-captions (AR)
Package caption Info: New subtype `subfigure' on input line 238.
\c@subfigure=\count351
Package caption Info: New subtype `subtable' on input line 238.
\c@subtable=\count352
)
(D:\MiKTeX\tex/latex/titlesec\titlesec.sty
Package: titlesec 2025/01/04 v2.17 Sectioning titles
\ttl@box=\box78
\beforetitleunit=\skip77
\aftertitleunit=\skip78
\ttl@plus=\dimen315
\ttl@minus=\dimen316
\ttl@toksa=\toks42
\titlewidth=\dimen317
\titlewidthlast=\dimen318
\titlewidthfirst=\dimen319
)
(D:\MiKTeX\tex/latex/tocloft\tocloft.sty
Package: tocloft 2017/08/31 v2.3i parameterised ToC, etc., typesetting
Package tocloft Info: The document has chapter divisions on input line 51.
\cftparskip=\skip79
\cftbeforetoctitleskip=\skip80
\cftaftertoctitleskip=\skip81
\cftbeforepartskip=\skip82
\cftpartnumwidth=\skip83
\cftpartindent=\skip84
\cftbeforechapskip=\skip85
\cftchapindent=\skip86
\cftchapnumwidth=\skip87
\cftbeforesecskip=\skip88
\cftsecindent=\skip89
\cftsecnumwidth=\skip90
\cftbeforesubsecskip=\skip91
\cftsubsecindent=\skip92
\cftsubsecnumwidth=\skip93
\cftbeforesubsubsecskip=\skip94
\cftsubsubsecindent=\skip95
\cftsubsubsecnumwidth=\skip96
\cftbeforeparaskip=\skip97
\cftparaindent=\skip98
\cftparanumwidth=\skip99
\cftbeforesubparaskip=\skip100
\cftsubparaindent=\skip101
\cftsubparanumwidth=\skip102
\cftbeforeloftitleskip=\skip103
\cftafterloftitleskip=\skip104
\cftbeforefigskip=\skip105
\cftfigindent=\skip106
\cftfignumwidth=\skip107
\c@lofdepth=\count353
\c@lotdepth=\count354
\cftbeforelottitleskip=\skip108
\cftafterlottitleskip=\skip109
\cftbeforetabskip=\skip110
\cfttabindent=\skip111
\cfttabnumwidth=\skip112
)
(D:\MiKTeX\tex/latex/fancyhdr\fancyhdr.sty
Package: fancyhdr 2025/02/07 v5.2 Extensive control of page headers and footers

\f@nch@headwidth=\skip113
\f@nch@offset@elh=\skip114
\f@nch@offset@erh=\skip115
\f@nch@offset@olh=\skip116
\f@nch@offset@orh=\skip117
\f@nch@offset@elf=\skip118
\f@nch@offset@erf=\skip119
\f@nch@offset@olf=\skip120
\f@nch@offset@orf=\skip121
\f@nch@height=\skip122
\f@nch@footalignment=\skip123
\f@nch@widthL=\skip124
\f@nch@widthC=\skip125
\f@nch@widthR=\skip126
\@temptokenb=\toks43
)
(D:\MiKTeX\tex/latex/hyperref\hyperref.sty
Package: hyperref 2026-04-24 v7.01q Hypertext links for LaTeX

(D:\MiKTeX\tex/latex/kvsetkeys\kvsetkeys.sty
Package: kvsetkeys 2022-10-05 v1.19 Key value parser (HO)
)
(D:\MiKTeX\tex/generic/kvdefinekeys\kvdefinekeys.sty
Package: kvdefinekeys 2019-12-19 v1.6 Define keys (HO)
)
(D:\MiKTeX\tex/generic/pdfescape\pdfescape.sty
Package: pdfescape 2019/12/09 v1.15 Implements pdfTeX's escape features (HO)

(D:\MiKTeX\tex/generic/ltxcmds\ltxcmds.sty
Package: ltxcmds 2023-12-04 v1.26 LaTeX kernel commands for general use (HO)
)
(D:\MiKTeX\tex/generic/pdftexcmds\pdftexcmds.sty
Package: pdftexcmds 2020-06-27 v0.33 Utility functions of pdfTeX for LuaTeX (HO
)

(D:\MiKTeX\tex/generic/infwarerr\infwarerr.sty
Package: infwarerr 2019/12/03 v1.5 Providing info/warning/error messages (HO)
)
Package pdftexcmds Info: \pdf@primitive is available.
Package pdftexcmds Info: \pdf@ifprimitive is available.
Package pdftexcmds Info: \pdfdraftmode not found.
))
(D:\MiKTeX\tex/latex/hycolor\hycolor.sty
Package: hycolor 2020-01-27 v1.10 Color options for hyperref/bookmark (HO)
)
(D:\MiKTeX\tex/latex/hyperref\nameref.sty
Package: nameref 2026-01-29 v2.58 Cross-referencing by name of section

(D:\MiKTeX\tex/latex/refcount\refcount.sty
Package: refcount 2019/12/15 v3.6 Data extraction from label references (HO)
)
(D:\MiKTeX\tex/generic/gettitlestring\gettitlestring.sty
Package: gettitlestring 2019/12/15 v1.6 Cleanup title references (HO)

(D:\MiKTeX\tex/latex/kvoptions\kvoptions.sty
Package: kvoptions 2022-06-15 v3.15 Key value format for package options (HO)
))
\c@section@level=\count355
)
(D:\MiKTeX\tex/latex/etoolbox\etoolbox.sty
Package: etoolbox 2025/10/02 v2.5m e-TeX tools for LaTeX (JAW)
\etb@tempcnta=\count356
)
(D:\MiKTeX\tex/generic/stringenc\stringenc.sty
Package: stringenc 2019/11/29 v1.12 Convert strings between diff. encodings (HO
)
)
\@linkdim=\dimen320
\Hy@linkcounter=\count357
\Hy@pagecounter=\count358

(D:\MiKTeX\tex/latex/hyperref\pd1enc.def
File: pd1enc.def 2026-04-24 v7.01q Hyperref: PDFDocEncoding definition (HO)
)
(D:\MiKTeX\tex/generic/intcalc\intcalc.sty
Package: intcalc 2019/12/15 v1.3 Expandable calculations with integers (HO)
)
\Hy@SavedSpaceFactor=\count359

(D:\MiKTeX\tex/latex/hyperref\puenc.def
File: puenc.def 2026-04-24 v7.01q Hyperref: PDF Unicode definition (HO)
)
Package hyperref Info: Hyper figures OFF on input line 4199.
Package hyperref Info: Link nesting OFF on input line 4204.
Package hyperref Info: Hyper index ON on input line 4207.
Package hyperref Info: Plain pages OFF on input line 4214.
Package hyperref Info: Backreferencing OFF on input line 4219.
Package hyperref Info: Implicit mode ON; LaTeX internals redefined.
Package hyperref Info: Bookmarks ON on input line 4466.
\c@Hy@tempcnt=\count360
 (D:\MiKTeX\tex/latex/url\url.sty
\Urlmuskip=\muskip18
Package: url 2013/09/16  ver 3.4  Verb mode for urls, etc.
)
LaTeX Info: Redefining \url on input line 4805.
\XeTeXLinkMargin=\dimen321

(D:\MiKTeX\tex/generic/bitset\bitset.sty
Package: bitset 2019/12/09 v1.3 Handle bit-vector datatype (HO)

(D:\MiKTeX\tex/generic/bigintcalc\bigintcalc.sty
Package: bigintcalc 2019/12/15 v1.5 Expandable calculations on big integers (HO
)
))
\Fld@menulength=\count361
\Field@Width=\dimen322
\Fld@charsize=\dimen323
Package hyperref Info: Hyper figures OFF on input line 6091.
Package hyperref Info: Link nesting OFF on input line 6096.
Package hyperref Info: Hyper index ON on input line 6099.
Package hyperref Info: backreferencing OFF on input line 6106.
Package hyperref Info: Link coloring OFF on input line 6111.
Package hyperref Info: Link coloring with OCG OFF on input line 6116.
Package hyperref Info: PDF/A mode OFF on input line 6121.
\Hy@abspage=\count362
\c@Item=\count363
\c@Hfootnote=\count364
)
Package hyperref Info: Driver (autodetected): hxetex.

(D:\MiKTeX\tex/latex/hyperref\hxetex.def
File: hxetex.def 2026-04-24 v7.01q Hyperref driver for XeTeX
\pdfm@box=\box79
\c@Hy@AnnotLevel=\count365
\HyField@AnnotCount=\count366
\Fld@listcount=\count367
\c@bookmark@seq@number=\count368

(D:\MiKTeX\tex/latex/rerunfilecheck\rerunfilecheck.sty
Package: rerunfilecheck 2025-06-21 v1.11 Rerun checks for auxiliary files (HO)

(D:\MiKTeX\tex/generic/uniquecounter\uniquecounter.sty
Package: uniquecounter 2019/12/15 v1.4 Provide unlimited unique counter (HO)
)
Package uniquecounter Info: New unique counter `rerunfilecheck' on input line 2
84.
)
\Hy@SectionHShift=\skip127
)) (metadata.tex)
(main.aux
Package babel Info: 'vietnamese' activates 'vietnamese' shorthands.
(babel)             Reported on input line 8.
 (chapters/01_mo_dau.aux) (chapters/02_co_so_ly_thuyet_va_phap_ly.aux) (chapter
s/03_du_lieu_va_gan_nhan.aux)
(chapters/04_phan_tich_va_thiet_ke_he_thong.aux)
(chapters/04_phuong_phap_de_xuat.aux) (chapters/05_thuc_nghiem_va_danh_gia.aux)
(chapters/06_ket_luan_va_huong_phat_trien.aux))
\openout1 = `main.aux'.

LaTeX Font Info:    Checking defaults for OML/cmm/m/it on input line 7.
LaTeX Font Info:    ... okay on input line 7.
LaTeX Font Info:    Checking defaults for OMS/cmsy/m/n on input line 7.
LaTeX Font Info:    ... okay on input line 7.
LaTeX Font Info:    Checking defaults for OT1/cmr/m/n on input line 7.
LaTeX Font Info:    ... okay on input line 7.
LaTeX Font Info:    Checking defaults for T1/cmr/m/n on input line 7.
LaTeX Font Info:    ... okay on input line 7.
LaTeX Font Info:    Checking defaults for TS1/cmr/m/n on input line 7.
LaTeX Font Info:    ... okay on input line 7.
LaTeX Font Info:    Checking defaults for TU/lmr/m/n on input line 7.
LaTeX Font Info:    ... okay on input line 7.
LaTeX Font Info:    Checking defaults for OMX/cmex/m/n on input line 7.
LaTeX Font Info:    ... okay on input line 7.
LaTeX Font Info:    Checking defaults for U/cmr/m/n on input line 7.
LaTeX Font Info:    ... okay on input line 7.
LaTeX Font Info:    Checking defaults for PD1/pdf/m/n on input line 7.
LaTeX Font Info:    ... okay on input line 7.
LaTeX Font Info:    Checking defaults for PU/pdf/m/n on input line 7.
LaTeX Font Info:    ... okay on input line 7.

Package fontspec Info: 
(fontspec)             Adjusting the maths setup (use [no-math] to avoid
(fontspec)             this).

\symlegacymaths=\mathgroup6
LaTeX Font Info:    Overwriting symbol font `legacymaths' in version `bold'
(Font)                  OT1/cmr/m/n --> OT1/cmr/bx/n on input line 7.
LaTeX Font Info:    Redeclaring math accent \acute on input line 7.
LaTeX Font Info:    Redeclaring math accent \grave on input line 7.
LaTeX Font Info:    Redeclaring math accent \ddot on input line 7.
LaTeX Font Info:    Redeclaring math accent \tilde on input line 7.
LaTeX Font Info:    Redeclaring math accent \bar on input line 7.
LaTeX Font Info:    Redeclaring math accent \breve on input line 7.
LaTeX Font Info:    Redeclaring math accent \check on input line 7.
LaTeX Font Info:    Redeclaring math accent \hat on input line 7.
LaTeX Font Info:    Redeclaring math accent \dot on input line 7.
LaTeX Font Info:    Redeclaring math accent \mathring on input line 7.
LaTeX Font Info:    Redeclaring math symbol \Gamma on input line 7.
LaTeX Font Info:    Redeclaring math symbol \Delta on input line 7.
LaTeX Font Info:    Redeclaring math symbol \Theta on input line 7.
LaTeX Font Info:    Redeclaring math symbol \Lambda on input line 7.
LaTeX Font Info:    Redeclaring math symbol \Xi on input line 7.
LaTeX Font Info:    Redeclaring math symbol \Pi on input line 7.
LaTeX Font Info:    Redeclaring math symbol \Sigma on input line 7.
LaTeX Font Info:    Redeclaring math symbol \Upsilon on input line 7.
LaTeX Font Info:    Redeclaring math symbol \Phi on input line 7.
LaTeX Font Info:    Redeclaring math symbol \Psi on input line 7.
LaTeX Font Info:    Redeclaring math symbol \Omega on input line 7.
LaTeX Font Info:    Redeclaring math symbol \mathdollar on input line 7.
LaTeX Font Info:    Redeclaring symbol font `operators' on input line 7.
LaTeX Font Info:    Encoding `OT1' has changed to `TU' for symbol font
(Font)              `operators' in the math version `normal' on input line 7.
LaTeX Font Info:    Overwriting symbol font `operators' in version `normal'
(Font)                  OT1/cmr/m/n --> TU/TimesNewRoman(0)/m/n on input line 7
.
LaTeX Font Info:    Encoding `OT1' has changed to `TU' for symbol font
(Font)              `operators' in the math version `bold' on input line 7.
LaTeX Font Info:    Overwriting symbol font `operators' in version `bold'
(Font)                  OT1/cmr/bx/n --> TU/TimesNewRoman(0)/m/n on input line 
7.
LaTeX Font Info:    Overwriting symbol font `operators' in version `normal'
(Font)                  TU/TimesNewRoman(0)/m/n --> TU/TimesNewRoman(0)/m/n on 
input line 7.
LaTeX Font Info:    Overwriting math alphabet `\mathit' in version `normal'
(Font)                  OT1/cmr/m/it --> TU/TimesNewRoman(0)/m/it on input line
 7.
LaTeX Font Info:    Overwriting math alphabet `\mathbf' in version `normal'
(Font)                  OT1/cmr/bx/n --> TU/TimesNewRoman(0)/b/n on input line 
7.
LaTeX Font Info:    Overwriting math alphabet `\mathsf' in version `normal'
(Font)                  OT1/cmss/m/n --> TU/lmss/m/n on input line 7.
LaTeX Font Info:    Overwriting math alphabet `\mathtt' in version `normal'
(Font)                  OT1/cmtt/m/n --> TU/Consolas(0)/m/n on input line 7.
LaTeX Font Info:    Overwriting symbol font `operators' in version `bold'
(Font)                  TU/TimesNewRoman(0)/m/n --> TU/TimesNewRoman(0)/b/n on 
input line 7.
LaTeX Font Info:    Overwriting math alphabet `\mathit' in version `bold'
(Font)                  OT1/cmr/bx/it --> TU/TimesNewRoman(0)/b/it on input lin
e 7.
LaTeX Font Info:    Overwriting math alphabet `\mathsf' in version `bold'
(Font)                  OT1/cmss/bx/n --> TU/lmss/b/n on input line 7.
LaTeX Font Info:    Overwriting math alphabet `\mathtt' in version `bold'
(Font)                  OT1/cmtt/m/n --> TU/Consolas(0)/b/n on input line 7.

*geometry* driver: auto-detecting
*geometry* detected driver: xetex
*geometry* verbose mode - [ preamble ] result:
* driver: xetex
* paper: letterpaper
* layout: <same size as paper>
* layoutoffset:(h,v)=(0.0pt,0.0pt)
* modes: 
* h-part:(L,W,R)=(72.2698pt, 469.75539pt, 72.2698pt)
* v-part:(T,H,B)=(72.2698pt, 650.43037pt, 72.2698pt)
* \paperwidth=614.295pt
* \paperheight=794.96999pt
* \textwidth=469.75539pt
* \textheight=650.43037pt
* \oddsidemargin=-0.00018pt
* \evensidemargin=-0.00018pt
* \topmargin=-37.00018pt
* \headheight=12.0pt
* \headsep=25.0pt
* \topskip=12.0pt
* \footskip=30.0pt
* \marginparwidth=44.0pt
* \marginparsep=10.0pt
* \columnsep=10.0pt
* \skip\footins=10.8pt plus 4.0pt minus 2.0pt
* \hoffset=0.0pt
* \voffset=0.0pt
* \mag=1000
* \@twocolumnfalse
* \@twosidefalse
* \@mparswitchfalse
* \@reversemarginfalse
* (1in=72.27pt=25.4mm, 1cm=28.453pt)

Package caption Info: Begin \AtBeginDocument code.
Package caption Info: hyperref package is loaded.
Package caption Info: End \AtBeginDocument code.
Package hyperref Info: Link coloring OFF on input line 7.
(main.out) (main.out)
\@outlinefile=\write4
\openout4 = `main.out'.

 (cover.tex
File: images/logo_UIT.png Graphic file (type bmp)
<images/logo_UIT.png>
LaTeX Font Info:    Calculating math sizes for size <13> on input line 23.
LaTeX Font Info:    Trying to load font information for U+msa on input line 23.

 (D:\MiKTeX\tex/latex/amsfonts\umsa.fd
File: umsa.fd 2013/01/14 v3.01 AMS symbols A
)
LaTeX Font Info:    Trying to load font information for U+msb on input line 23.


(D:\MiKTeX\tex/latex/amsfonts\umsb.fd
File: umsb.fd 2013/01/14 v3.01 AMS symbols B
) [1

]) (main.toc [1] [2] [3])
\tf@toc=\write5
\openout5 = `main.toc'.

 [4]
(main.lot [5

])
\tf@lot=\write6
\openout6 = `main.lot'.

 [6] (main.lof)
\tf@lof=\write7
\openout7 = `main.lof'.

 [7

]
\openout2 = `chapters/01_mo_dau.aux'.

 (chapters/01_mo_dau.tex
Chương 1.
[1



] [2]
LaTeX Font Info:    Font shape `TU/Consolas(0)/m/n' will be
(Font)              scaled to size 11.8606pt on input line 26.
 [3]) [4]
\openout2 = `chapters/02_co_so_ly_thuyet_va_phap_ly.aux'.

 (chapters/02_co_so_ly_thuyet_va_phap_ly.tex
Chương 2.
[5




] [6]
LaTeX Font Info:    Font shape `TU/Consolas(0)/m/n' will be
(Font)              scaled to size 9.99026pt on input line 66.
 [7] [8] [9] [10]) [11]
\openout2 = `chapters/03_du_lieu_va_gan_nhan.aux'.

 (chapters/03_du_lieu_va_gan_nhan.tex
Chương 3.
[12




] [13] [14] [15] [16]) [17]
\openout2 = `chapters/04_phan_tich_va_thiet_ke_he_thong.aux'.

 (chapters/04_phan_tich_va_thiet_ke_he_thong.tex
Chương 4.
[18




]
File: images/OveralArchitecture.png Graphic file (type bmp)
<images/OveralArchitecture.png>
 [19] [20] [21]
Underfull \hbox (badness 10000) in paragraph at lines 141--142
[]\TU/TimesNewRoman(0)/m/n/13 Người quản trị nhập từ khóa, nhóm sản phẩm
 []


Underfull \hbox (badness 10000) in paragraph at lines 144--145
[]\TU/TimesNewRoman(0)/m/n/13 Hệ thống trích xuất hoặc chuẩn hóa text thô,
 []


Underfull \hbox (badness 10000) in paragraph at lines 152--153
[]\TU/TimesNewRoman(0)/m/n/13 Nếu URL không hợp lệ, bài đăng/video không
 []


Underfull \hbox (badness 10000) in paragraph at lines 152--153
\TU/TimesNewRoman(0)/m/n/13 truy cập được hoặc Apify trả lỗi, hệ thống ghi
 []


Underfull \hbox (badness 10000) in paragraph at lines 153--154
[]\TU/TimesNewRoman(0)/m/n/13 Nếu dữ liệu đã tồn tại trên Google Drive, hệ
 []

[22] [23]
LaTeX Font Info:    Font shape `TU/Consolas(0)/m/n' will be
(Font)              scaled to size 9.12354pt on input line 233.
 [24]
Underfull \hbox (badness 10000) in paragraph at lines 258--259
[]\TU/TimesNewRoman(0)/m/n/13 Người quản trị dữ liệu cấu hình quy trình xử lý
 []


Underfull \hbox (badness 10000) in paragraph at lines 260--261
[]\TU/TimesNewRoman(0)/m/n/13 Hệ thống chuẩn hóa văn bản, metadata, source
 []


Underfull \hbox (badness 10000) in paragraph at lines 261--262
[]\TU/TimesNewRoman(0)/m/n/13 Hệ thống sử dụng Python để kiểm tra duplicate
 []


Underfull \hbox (badness 10000) in paragraph at lines 261--262
\TU/TimesNewRoman(0)/m/n/13 theo nội dung, URL, post/video id hoặc metadata
 []


Underfull \hbox (badness 10000) in paragraph at lines 262--263
[]\TU/TimesNewRoman(0)/m/n/13 Hệ thống dùng \TU/Consolas(0)/m/n/13 yt-dlp \TU/T
imesNewRoman(0)/m/n/13 để tải ảnh/video từ các
 []


Underfull \hbox (badness 10000) in paragraph at lines 263--264
[]\TU/TimesNewRoman(0)/m/n/13 Hệ thống dùng \TU/Consolas(0)/m/n/13 FFmpeg \TU/T
imesNewRoman(0)/m/n/13 để cắt video thành các
 []


Underfull \hbox (badness 10000) in paragraph at lines 264--265
[]\TU/TimesNewRoman(0)/m/n/13 Hệ thống so sánh các frame liên tiếp và chỉ giữ
 []


Underfull \hbox (badness 10000) in paragraph at lines 264--265
\TU/TimesNewRoman(0)/m/n/13 frame có độ khác biệt lớn hơn 70% so với frame
 []


Underfull \hbox (badness 10000) in paragraph at lines 265--266
[]\TU/TimesNewRoman(0)/m/n/13 Hệ thống lưu dữ liệu đã xử lý, log lỗi, danh sách

 []


Underfull \hbox (badness 10000) in paragraph at lines 265--266
\TU/TimesNewRoman(0)/m/n/13 duplicate và đường dẫn frame/media lên Google
 []


Underfull \hbox (badness 10000) in paragraph at lines 271--272
[]\TU/TimesNewRoman(0)/m/n/13 Nếu bản ghi bị thiếu text hoặc metadata quan
 []


Underfull \hbox (badness 10000) in paragraph at lines 271--272
\TU/TimesNewRoman(0)/m/n/13 trọng, hệ thống đánh dấu trạng thái cần kiểm tra
 []


Underfull \hbox (badness 10000) in paragraph at lines 272--273
[]\TU/TimesNewRoman(0)/m/n/13 Nếu URL media không tải được bằng \TU/Consolas(0)
/m/n/13 yt-dlp\TU/TimesNewRoman(0)/m/n/13 , hệ
 []


Underfull \hbox (badness 10000) in paragraph at lines 272--273
\TU/TimesNewRoman(0)/m/n/13 thống ghi log lỗi và vẫn giữ phần text/metadata
 []


Underfull \hbox (badness 10000) in paragraph at lines 273--274
[]\TU/TimesNewRoman(0)/m/n/13 Nếu video lỗi hoặc \TU/Consolas(0)/m/n/13 FFmpeg 
\TU/TimesNewRoman(0)/m/n/13 không trích được
 []


Underfull \hbox (badness 10000) in paragraph at lines 273--274
\TU/TimesNewRoman(0)/m/n/13 frame, hệ thống bỏ qua nhánh frame và ghi lý do
 []


Underfull \hbox (badness 10000) in paragraph at lines 274--275
[]\TU/TimesNewRoman(0)/m/n/13 Nếu các frame liên tiếp có độ khác biệt không
 []


Underfull \hbox (badness 10000) in paragraph at lines 274--275
\TU/TimesNewRoman(0)/m/n/13 vượt quá 70%, hệ thống loại frame sau để giảm
 []

[25] [26] [27] [28] [29]
Underfull \hbox (badness 1789) in paragraph at lines 390--390
[]|\TU/TimesNewRoman(0)/m/n/13 Dữ liệu đã được xử lý ở UC02; văn bản, meta- 
 []


Underfull \hbox (badness 10000) in paragraph at lines 395--396
[]\TU/TimesNewRoman(0)/m/n/13 Hệ thống gắn hoặc kiểm tra \TU/Consolas(0)/m/n/13
 post_id
 []


Underfull \hbox (badness 10000) in paragraph at lines 395--396
\TU/TimesNewRoman(0)/m/n/13 cho từng mẫu để tránh leakage khi chia
 []


Underfull \hbox (badness 10000) in paragraph at lines 396--397
[]\TU/TimesNewRoman(0)/m/n/13 AI hỗ trợ chia các đoạn văn bản dài thành nhiều
 []


Underfull \hbox (badness 10000) in paragraph at lines 396--397
\TU/TimesNewRoman(0)/m/n/13 đoạn nhỏ đủ phù hợp với giới hạn đầu vào của
 []


Underfull \hbox (badness 10000) in paragraph at lines 397--398
[]\TU/TimesNewRoman(0)/m/n/13 AI sử dụng nội dung văn bản và file
 []


Underfull \hbox (badness 10000) in paragraph at lines 398--399
[]\TU/TimesNewRoman(0)/m/n/13 AI trích evidence tương ứng với nhãn, ưu tiên các

 []


Underfull \hbox (badness 10000) in paragraph at lines 398--399
\TU/TimesNewRoman(0)/m/n/13 cụm từ hoặc đoạn văn bản thể hiện rõ dấu hiệu rủi
 []


Underfull \hbox (badness 10000) in paragraph at lines 399--400
[]\TU/TimesNewRoman(0)/m/n/13 Người rà soát kiểm tra nhãn, evidence và trạng
 []


Underfull \hbox (badness 10000) in paragraph at lines 400--401
[]\TU/TimesNewRoman(0)/m/n/13 Quy trình gán nhãn và rà soát được lặp lại ba lần

 []


Underfull \hbox (badness 10000) in paragraph at lines 406--407
[]\TU/TimesNewRoman(0)/m/n/13 Người rà soát chuẩn bị các dataset hình ảnh liên
 []


Underfull \hbox (badness 10000) in paragraph at lines 407--408
[]\TU/TimesNewRoman(0)/m/n/13 Roboflow được dùng làm nền tảng chính để quản
 []


Underfull \hbox (badness 10000) in paragraph at lines 407--408
\TU/TimesNewRoman(0)/m/n/13 lý dataset và tạo model gán nhãn hình ảnh ban
 []


Underfull \hbox (badness 10000) in paragraph at lines 408--409
[]\TU/TimesNewRoman(0)/m/n/13 Hệ thống thêm các frame đã cắt ở UC02 vào
 []


Underfull \hbox (badness 10000) in paragraph at lines 409--410
[]\TU/TimesNewRoman(0)/m/n/13 Roboflow thực hiện auto label cho các hình
 []


Underfull \hbox (badness 10000) in paragraph at lines 410--411
[]\TU/TimesNewRoman(0)/m/n/13 Người rà soát kiểm tra, sửa và xác nhận annota-
 []


Underfull \hbox (badness 10000) in paragraph at lines 411--412
[]\TU/TimesNewRoman(0)/m/n/13 Annotation đã review được lưu vào bộ dữ liệu
 []


Underfull \hbox (badness 10000) in paragraph at lines 417--418
[]\TU/TimesNewRoman(0)/m/n/13 Nếu AI chia đoạn làm mất ngữ cảnh, người rà
 []


Underfull \hbox (badness 10000) in paragraph at lines 417--418
\TU/TimesNewRoman(0)/m/n/13 soát điều chỉnh lại đoạn văn bản hoặc gộp đoạn
 []


Underfull \hbox (badness 10000) in paragraph at lines 418--419
[]\TU/TimesNewRoman(0)/m/n/13 Nếu evidence không khớp với nhãn, người rà soát
 []


Underfull \hbox (badness 10000) in paragraph at lines 419--420
[]\TU/TimesNewRoman(0)/m/n/13 Nếu auto label trên Roboflow sai hoặc thiếu vùng
 []


Underfull \hbox (badness 10000) in paragraph at lines 420--421
[]\TU/TimesNewRoman(0)/m/n/13 Nếu một mẫu không đủ thông tin để gán nhãn, hệ
 []


Underfull \hbox (badness 10000) in paragraph at lines 420--421
\TU/TimesNewRoman(0)/m/n/13 thống đánh dấu trạng thái cần xem lại hoặc loại
 []

[30] [31] [32] [33] [34]
Underfull \hbox (badness 10000) in paragraph at lines 501--502
[]\TU/TimesNewRoman(0)/m/n/13 Người quản trị dữ liệu mở bộ dữ liệu văn bản đã
 []


Underfull \hbox (badness 10000) in paragraph at lines 502--503
[]\TU/TimesNewRoman(0)/m/n/13 Người quản trị xác định các nhóm mẫu theo
 []


Underfull \hbox (badness 10000) in paragraph at lines 502--503
\TU/Consolas(0)/m/n/13 post_id\TU/TimesNewRoman(0)/m/n/13 ; mỗi nhóm có thể gồm
 caption gốc, các
 []


Underfull \hbox (badness 10000) in paragraph at lines 503--504
[]\TU/TimesNewRoman(0)/m/n/13 Người quản trị chia dữ liệu thành các tập \TU/Con
solas(0)/m/n/13 train\TU/TimesNewRoman(0)/m/n/13 ,
 []


Underfull \hbox (badness 10000) in paragraph at lines 504--505
[]\TU/TimesNewRoman(0)/m/n/13 Trong quá trình chia tập, toàn bộ mẫu có cùng
 []


Underfull \hbox (badness 10000) in paragraph at lines 504--505
\TU/Consolas(0)/m/n/13 post_id \TU/TimesNewRoman(0)/m/n/13 được đặt vào cùng mộ
t tập để tránh
 []


Underfull \hbox (badness 10000) in paragraph at lines 505--506
[]\TU/TimesNewRoman(0)/m/n/13 Người quản trị kiểm tra lại phân phối nhãn ở từng

 []


Underfull \hbox (badness 10000) in paragraph at lines 505--506
\TU/TimesNewRoman(0)/m/n/13 tập, đặc biệt với các nhãn có ít mẫu hoặc nhãn rủi
 []


Underfull \hbox (badness 10000) in paragraph at lines 506--507
[]\TU/TimesNewRoman(0)/m/n/13 Trường \TU/Consolas(0)/m/n/13 split \TU/TimesNewR
oman(0)/m/n/13 được cập nhật cho từng dòng dữ
 []


Underfull \hbox (badness 10000) in paragraph at lines 506--507
\TU/TimesNewRoman(0)/m/n/13 liệu và file văn bản sau chia tập được lưu lên
 []


Underfull \hbox (badness 10000) in paragraph at lines 507--508
[]\TU/TimesNewRoman(0)/m/n/13 Thống kê số mẫu, số \TU/Consolas(0)/m/n/13 post_i
d\TU/TimesNewRoman(0)/m/n/13 , tỷ lệ nhãn và thời
 []


Underfull \hbox (badness 10000) in paragraph at lines 507--508
\TU/TimesNewRoman(0)/m/n/13 điểm tạo phiên bản được ghi lại trong metadata
 []


Underfull \hbox (badness 10000) in paragraph at lines 513--514
[]\TU/TimesNewRoman(0)/m/n/13 Người quản trị kiểm tra bộ dữ liệu hình ảnh đã
 []


Underfull \hbox (badness 10000) in paragraph at lines 514--515
[]\TU/TimesNewRoman(0)/m/n/13 Người quản trị cấu hình tỷ lệ chia tập hoặc sử
 []


Underfull \hbox (badness 10000) in paragraph at lines 515--516
[]\TU/TimesNewRoman(0)/m/n/13 Roboflow tự động phân chia ảnh và annotation
 []


Underfull \hbox (badness 10000) in paragraph at lines 516--517
[]\TU/TimesNewRoman(0)/m/n/13 Người quản trị kiểm tra thống kê phân phối lớp
 []


Underfull \hbox (badness 10000) in paragraph at lines 516--517
\TU/TimesNewRoman(0)/m/n/13 hình ảnh, gồm \TU/Consolas(0)/m/n/13 Lab-coat\TU/Ti
mesNewRoman(0)/m/n/13 , \TU/Consolas(0)/m/n/13 logo\TU/TimesNewRoman(0)/m/n/13 
, \TU/Consolas(0)/m/n/13 stethoscope \TU/TimesNewRoman(0)/m/n/13 và
 []


Underfull \hbox (badness 10000) in paragraph at lines 517--518
[]\TU/TimesNewRoman(0)/m/n/13 Roboflow lưu lại phiên bản dataset, cấu hình tiền

 []


Underfull \hbox (badness 10000) in paragraph at lines 517--518
\TU/TimesNewRoman(0)/m/n/13 xử lý, thông tin augmentation nếu có và thống kê
 []


Underfull \hbox (badness 10000) in paragraph at lines 518--519
[]\TU/TimesNewRoman(0)/m/n/13 Khi huấn luyện YOLO, người quản trị xuất
 []


Underfull \hbox (badness 10000) in paragraph at lines 518--519
\TU/TimesNewRoman(0)/m/n/13 dataset từ Roboflow theo định dạng YOLO tương
 []


Underfull \hbox (badness 10000) in paragraph at lines 519--520
[]\TU/TimesNewRoman(0)/m/n/13 Thông tin version Roboflow và thời điểm export
 []


Underfull \hbox (badness 10000) in paragraph at lines 519--520
\TU/TimesNewRoman(0)/m/n/13 được ghi lại để kết quả thực nghiệm có thể truy
 []


Underfull \hbox (badness 10000) in paragraph at lines 525--526
[]\TU/TimesNewRoman(0)/m/n/13 Nếu phát hiện các mẫu có cùng \TU/Consolas(0)/m/n
/13 post_id \TU/TimesNewRoman(0)/m/n/13 nằm ở
 []


Underfull \hbox (badness 10000) in paragraph at lines 525--526
\TU/TimesNewRoman(0)/m/n/13 nhiều tập khác nhau, người quản trị điều chỉnh lại
 []


Underfull \hbox (badness 10000) in paragraph at lines 526--527
[]\TU/TimesNewRoman(0)/m/n/13 Nếu phân phối nhãn văn bản quá lệch, người
 []


Underfull \hbox (badness 10000) in paragraph at lines 526--527
\TU/TimesNewRoman(0)/m/n/13 quản trị cân nhắc chia lại theo nhóm \TU/Consolas(0
)/m/n/13 post_id\TU/TimesNewRoman(0)/m/n/13 ,
 []


Underfull \hbox (badness 10000) in paragraph at lines 526--527
\TU/TimesNewRoman(0)/m/n/13 nhưng không phá vỡ ràng buộc cùng \TU/Consolas(0)/m
/n/13 post_id
 []


Underfull \hbox (badness 10000) in paragraph at lines 527--528
[]\TU/TimesNewRoman(0)/m/n/13 Nếu một số mẫu văn bản thiếu \TU/Consolas(0)/m/n/
13 post_id\TU/TimesNewRoman(0)/m/n/13 , người
 []


Underfull \hbox (badness 10000) in paragraph at lines 527--528
\TU/TimesNewRoman(0)/m/n/13 quản trị dùng URL, mã video hoặc mã bài đăng
 []


Underfull \hbox (badness 10000) in paragraph at lines 527--528
\TU/TimesNewRoman(0)/m/n/13 làm khóa thay thế; nếu vẫn không xác định được
 []


Underfull \hbox (badness 10000) in paragraph at lines 528--529
[]\TU/TimesNewRoman(0)/m/n/13 Nếu Roboflow tạo split hình ảnh quá lệch hoặc
 []


Underfull \hbox (badness 10000) in paragraph at lines 528--529
\TU/TimesNewRoman(0)/m/n/13 thiếu lớp quan trọng trong tập đánh giá, người
 []


Underfull \hbox (badness 10000) in paragraph at lines 528--529
\TU/TimesNewRoman(0)/m/n/13 quản trị điều chỉnh cấu hình và tạo version dataset

 []


Underfull \hbox (badness 10000) in paragraph at lines 529--530
[]\TU/TimesNewRoman(0)/m/n/13 Nếu export YOLO bị lỗi, người quản trị giữ
 []


Underfull \hbox (badness 10000) in paragraph at lines 529--530
\TU/TimesNewRoman(0)/m/n/13 nguyên version hiện tại, kiểm tra lại annotation
 []

[35] [36] [37] [38] [39] [40]
Underfull \hbox (badness 3158) in paragraph at lines 602--602
[]|\TU/TimesNewRoman(0)/m/n/13 Mô hình PhoBERT tốt nhất được lưu tại thư 
 []


Underfull \hbox (badness 3635) in paragraph at lines 602--602
\TU/TimesNewRoman(0)/m/n/13 mục kết quả; tokenizer, \TU/Consolas(0)/m/n/13 thre
sholds.json\TU/TimesNewRoman(0)/m/n/13 , 
 []


Underfull \hbox (badness 10000) in paragraph at lines 606--607
[]\TU/TimesNewRoman(0)/m/n/13 Người nghiên cứu cấu hình đường dẫn dữ liệu,
 []


Underfull \hbox (badness 10000) in paragraph at lines 606--607
\TU/TimesNewRoman(0)/m/n/13 tên mô hình \TU/Consolas(0)/m/n/13 vinai/phobert-ba
se-v2\TU/TimesNewRoman(0)/m/n/13 , thư
 []


Underfull \hbox (badness 10000) in paragraph at lines 606--607
\TU/TimesNewRoman(0)/m/n/13 mục lưu, \TU/Consolas(0)/m/n/13 MAX_LENGTH\TU/Times
NewRoman(0)/m/n/13 , \TU/Consolas(0)/m/n/13 SEED\TU/TimesNewRoman(0)/m/n/13 , d
anh sách nhãn và
 []


Underfull \hbox (badness 10000) in paragraph at lines 607--608
[]\TU/TimesNewRoman(0)/m/n/13 Hệ thống đặt seed cho \TU/Consolas(0)/m/n/13 rand
om\TU/TimesNewRoman(0)/m/n/13 , \TU/Consolas(0)/m/n/13 numpy \TU/TimesNewRoman(
0)/m/n/13 và \TU/Consolas(0)/m/n/13 torch\TU/TimesNewRoman(0)/m/n/13 ,
 []


Underfull \hbox (badness 10000) in paragraph at lines 607--608
\TU/TimesNewRoman(0)/m/n/13 đồng thời xác định thiết bị huấn luyện là CPU
 []


Underfull \hbox (badness 10000) in paragraph at lines 608--609
[]\TU/TimesNewRoman(0)/m/n/13 Hệ thống đọc \TU/Consolas(0)/m/n/13 dataset_real.
csv\TU/TimesNewRoman(0)/m/n/13 , kiểm tra các
 []


Underfull \hbox (badness 10000) in paragraph at lines 609--610
[]\TU/TimesNewRoman(0)/m/n/13 Hệ thống loại mẫu thiếu \TU/Consolas(0)/m/n/13 te
xt\TU/TimesNewRoman(0)/m/n/13 , chuẩn hóa giá trị
 []


Underfull \hbox (badness 10000) in paragraph at lines 609--610
\TU/Consolas(0)/m/n/13 split\TU/TimesNewRoman(0)/m/n/13 , kiểm tra split chỉ th
uộc \TU/Consolas(0)/m/n/13 train\TU/TimesNewRoman(0)/m/n/13 , \TU/Consolas(0)/m
/n/13 val\TU/TimesNewRoman(0)/m/n/13 , \TU/Consolas(0)/m/n/13 test\TU/TimesNewR
oman(0)/m/n/13 ,
 []


Underfull \hbox (badness 10000) in paragraph at lines 610--611
[]\TU/TimesNewRoman(0)/m/n/13 Nếu có cột \TU/Consolas(0)/m/n/13 post_id\TU/Time
sNewRoman(0)/m/n/13 , hệ thống kiểm tra từng
 []


Underfull \hbox (badness 10000) in paragraph at lines 610--611
\TU/Consolas(0)/m/n/13 post_id \TU/TimesNewRoman(0)/m/n/13 không xuất hiện ở nh
iều split khác nhau
 []


Underfull \hbox (badness 10000) in paragraph at lines 616--617
[]\TU/TimesNewRoman(0)/m/n/13 Nếu có cột nguồn dữ liệu, hệ thống kiểm tra dữ
 []


Underfull \hbox (badness 10000) in paragraph at lines 617--618
[]\TU/TimesNewRoman(0)/m/n/13 Hệ thống gộp các cột nhãn thành vector multi-
 []


Underfull \hbox (badness 10000) in paragraph at lines 617--618
\TU/TimesNewRoman(0)/m/n/13 label, tách dữ liệu thành \TU/Consolas(0)/m/n/13 tr
ain_df\TU/TimesNewRoman(0)/m/n/13 , \TU/Consolas(0)/m/n/13 val_df \TU/TimesNewR
oman(0)/m/n/13 và
 []


Underfull \hbox (badness 10000) in paragraph at lines 617--618
\TU/Consolas(0)/m/n/13 test_df\TU/TimesNewRoman(0)/m/n/13 , đồng thời in thống 
kê phân phối nhãn
 []


Underfull \hbox (badness 10000) in paragraph at lines 618--619
[]\TU/TimesNewRoman(0)/m/n/13 Hệ thống tính \TU/Consolas(0)/m/n/13 pos_weight \
TU/TimesNewRoman(0)/m/n/13 từ tập train, làm mềm
 []


Underfull \hbox (badness 10000) in paragraph at lines 618--619
\TU/TimesNewRoman(0)/m/n/13 bằng căn bậc hai và chặn trong khoảng hợp lý để
 []


Underfull \hbox (badness 10000) in paragraph at lines 619--620
[]\TU/TimesNewRoman(0)/m/n/13 Hệ thống chuyển dữ liệu sang Hugging Face
 []


Underfull \hbox (badness 10000) in paragraph at lines 619--620
\TU/TimesNewRoman(0)/m/n/13 Dataset, token hóa bằng tokenizer PhoBERT
 []


Underfull \hbox (badness 10000) in paragraph at lines 619--620
\TU/TimesNewRoman(0)/m/n/13 với \TU/Consolas(0)/m/n/13 MAX_LENGTH = 256 \TU/Tim
esNewRoman(0)/m/n/13 và kiểm tra tỷ lệ mẫu bị
 []


Underfull \hbox (badness 10000) in paragraph at lines 625--626
[]\TU/TimesNewRoman(0)/m/n/13 Hệ thống khởi tạo
 []


Underfull \hbox (badness 10000) in paragraph at lines 625--626
\TU/Consolas(0)/m/n/13 AutoModelForSequenceClassification
 []


Underfull \hbox (badness 10000) in paragraph at lines 625--626
\TU/TimesNewRoman(0)/m/n/13 với \TU/Consolas(0)/m/n/13 problem_type =
 []


Underfull \hbox (badness 10000) in paragraph at lines 625--626
\TU/Consolas(0)/m/n/13 multi_label_classification \TU/TimesNewRoman(0)/m/n/13 v
à số nhãn
 []


Underfull \hbox (badness 10000) in paragraph at lines 626--627
[]\TU/TimesNewRoman(0)/m/n/13 Hệ thống huấn luyện bằng \TU/Consolas(0)/m/n/13 W
eightedTrainer\TU/TimesNewRoman(0)/m/n/13 ,
 []


Underfull \hbox (badness 10000) in paragraph at lines 626--627
\TU/TimesNewRoman(0)/m/n/13 sử dụng \TU/Consolas(0)/m/n/13 BCEWithLogitsLoss \T
U/TimesNewRoman(0)/m/n/13 có \TU/Consolas(0)/m/n/13 pos_weight\TU/TimesNewRoman
(0)/m/n/13 ,
 []


Underfull \hbox (badness 10000) in paragraph at lines 626--627
\TU/TimesNewRoman(0)/m/n/13 batch size 16, learning rate $\OT1/cmr/m/n/12 2\OML
/cmm/m/it/12 e[]$\TU/TimesNewRoman(0)/m/n/13 , tối đa 12 epoch
 []


Underfull \hbox (badness 10000) in paragraph at lines 627--628
[]\TU/TimesNewRoman(0)/m/n/13 Trong quá trình huấn luyện, hệ thống chọn check-
 []


Underfull \hbox (badness 10000) in paragraph at lines 627--628
\TU/TimesNewRoman(0)/m/n/13 point tốt nhất theo \TU/Consolas(0)/m/n/13 f1_balan
ced\TU/TimesNewRoman(0)/m/n/13 , được tính từ
 []


Underfull \hbox (badness 10000) in paragraph at lines 628--629
[]\TU/TimesNewRoman(0)/m/n/13 Sau huấn luyện, hệ thống dự đoán trên validation
 []


Underfull \hbox (badness 10000) in paragraph at lines 628--629
\TU/TimesNewRoman(0)/m/n/13 set, tune threshold riêng cho từng nhãn, sau đó
 []


Underfull \hbox (badness 10000) in paragraph at lines 628--629
\TU/TimesNewRoman(0)/m/n/13 chặn threshold trong khoảng đã cấu hình để hạn
 []


Underfull \hbox (badness 10000) in paragraph at lines 629--630
[]\TU/TimesNewRoman(0)/m/n/13 Hệ thống đánh giá lại validation và
 []


Underfull \hbox (badness 10000) in paragraph at lines 629--630
\TU/TimesNewRoman(0)/m/n/13 test bằng threshold cuối cùng, tính
 []


Underfull \hbox (badness 10000) in paragraph at lines 629--630
\TU/Consolas(0)/m/n/13 exact_match_accuracy\TU/TimesNewRoman(0)/m/n/13 , \TU/Co
nsolas(0)/m/n/13 f1_macro\TU/TimesNewRoman(0)/m/n/13 , \TU/Consolas(0)/m/n/13 f
1_micro\TU/TimesNewRoman(0)/m/n/13 ,
 []


Underfull \hbox (badness 10000) in paragraph at lines 629--630
\TU/Consolas(0)/m/n/13 precision_macro\TU/TimesNewRoman(0)/m/n/13 , \TU/Consola
s(0)/m/n/13 recall_macro \TU/TimesNewRoman(0)/m/n/13 và metric theo
 []


Underfull \hbox (badness 10000) in paragraph at lines 630--631
[]\TU/TimesNewRoman(0)/m/n/13 Hệ thống lưu model, tokenizer, threshold, danh
 []


Underfull \hbox (badness 10000) in paragraph at lines 630--631
\TU/TimesNewRoman(0)/m/n/13 sách nhãn, metadata huấn luyện và file dự đoán
 []


Underfull \hbox (badness 10000) in paragraph at lines 636--637
[]\TU/TimesNewRoman(0)/m/n/13 Nếu thiếu cột bắt buộc, hệ thống dừng huấn luyện
 []


Underfull \hbox (badness 10000) in paragraph at lines 637--638
[]\TU/TimesNewRoman(0)/m/n/13 Nếu tồn tại split khác \TU/Consolas(0)/m/n/13 tra
in\TU/TimesNewRoman(0)/m/n/13 , \TU/Consolas(0)/m/n/13 val\TU/TimesNewRoman(0)/
m/n/13 , \TU/Consolas(0)/m/n/13 test\TU/TimesNewRoman(0)/m/n/13 , hệ thống
 []


Underfull \hbox (badness 10000) in paragraph at lines 638--639
[]\TU/TimesNewRoman(0)/m/n/13 Nếu phát hiện \TU/Consolas(0)/m/n/13 post_id \TU/
TimesNewRoman(0)/m/n/13 xuất hiện ở nhiều split, hệ
 []


Underfull \hbox (badness 10000) in paragraph at lines 639--640
[]\TU/TimesNewRoman(0)/m/n/13 Nếu một split rỗng, hệ thống dừng vì không thể
 []


Underfull \hbox (badness 10000) in paragraph at lines 645--646
[]\TU/TimesNewRoman(0)/m/n/13 Nếu tỷ lệ mẫu dài hơn \TU/Consolas(0)/m/n/13 MAX_
LENGTH \TU/TimesNewRoman(0)/m/n/13 vượt 20%,
 []


Underfull \hbox (badness 10000) in paragraph at lines 645--646
\TU/TimesNewRoman(0)/m/n/13 hệ thống cảnh báo để người nghiên cứu cân nhắc
 []


Underfull \hbox (badness 10000) in paragraph at lines 645--646
\TU/TimesNewRoman(0)/m/n/13 tăng độ dài đầu vào nếu tài nguyên GPU cho
 []


Underfull \hbox (badness 10000) in paragraph at lines 646--647
[]\TU/TimesNewRoman(0)/m/n/13 Nếu nhãn hiếm làm \TU/Consolas(0)/m/n/13 pos_weig
ht \TU/TimesNewRoman(0)/m/n/13 quá lớn, hệ
 []


Underfull \hbox (badness 10000) in paragraph at lines 646--647
\TU/TimesNewRoman(0)/m/n/13 thống dùng cơ chế căn bậc hai và chặn trên để
 []


Underfull \hbox (badness 10000) in paragraph at lines 647--648
[]\TU/TimesNewRoman(0)/m/n/13 Nếu validation nhỏ khiến threshold tự động dao
 []


Underfull \hbox (badness 10000) in paragraph at lines 647--648
\TU/TimesNewRoman(0)/m/n/13 động mạnh, threshold cuối cùng được chặn bằng
 []


Underfull \hbox (badness 7522) in paragraph at lines 651--651
[]|\TU/TimesNewRoman(0)/m/n/13 Mô hình PhoBERT đã huấn luyện, tok- 
 []


Underfull \hbox (badness 4967) in paragraph at lines 651--651
\TU/TimesNewRoman(0)/m/n/13 enizer, \TU/Consolas(0)/m/n/13 thresholds.json\TU/T
imesNewRoman(0)/m/n/13 , \TU/Consolas(0)/m/n/13 labels.json\TU/TimesNewRoman(0)
/m/n/13 , 
 []


Underfull \hbox (badness 1038) in paragraph at lines 652--652
[]|\TU/TimesNewRoman(0)/m/n/13 Bài toán được xử lý theo hướng multi-label; mỗi 

 []

[41] [42] [43] [44] [45] [46] [47]
Underfull \hbox (badness 10000) in paragraph at lines 724--725
[]\TU/TimesNewRoman(0)/m/n/13 Người nghiên cứu cài hoặc kiểm tra các thư
 []


Underfull \hbox (badness 10000) in paragraph at lines 724--725
\TU/TimesNewRoman(0)/m/n/13 viện cần thiết gồm \TU/Consolas(0)/m/n/13 ultralyti
cs\TU/TimesNewRoman(0)/m/n/13 , \TU/Consolas(0)/m/n/13 roboflow\TU/TimesNewRoma
n(0)/m/n/13 ,
 []


Underfull \hbox (badness 10000) in paragraph at lines 725--726
[]\TU/TimesNewRoman(0)/m/n/13 Hệ thống kiểm tra môi trường Ultralytics để xác
 []


Underfull \hbox (badness 10000) in paragraph at lines 725--726
\TU/TimesNewRoman(0)/m/n/13 nhận phiên bản thư viện, thiết bị và cấu hình thực
 []


Underfull \hbox (badness 10000) in paragraph at lines 726--727
[]\TU/TimesNewRoman(0)/m/n/13 Người nghiên cứu mount Google
 []


Underfull \hbox (badness 10000) in paragraph at lines 726--727
\TU/TimesNewRoman(0)/m/n/13 Drive và tạo thư mục lưu kết quả
 []


Underfull \hbox (badness 10000) in paragraph at lines 727--728
[]\TU/TimesNewRoman(0)/m/n/13 Người nghiên cứu nhập Roboflow API key để
 []


Underfull \hbox (badness 10000) in paragraph at lines 728--729
[]\TU/TimesNewRoman(0)/m/n/13 Hệ thống tải project \TU/Consolas(0)/m/n/13 docto
r-and-medical\TU/TimesNewRoman(0)/m/n/13 ,
 []


Underfull \hbox (badness 10000) in paragraph at lines 728--729
\TU/TimesNewRoman(0)/m/n/13 version 7, theo định dạng \TU/Consolas(0)/m/n/13 yo
lov11 \TU/TimesNewRoman(0)/m/n/13 về thư mục
 []


Underfull \hbox (badness 10000) in paragraph at lines 729--730
[]\TU/TimesNewRoman(0)/m/n/13 Hệ thống đọc file \TU/Consolas(0)/m/n/13 data.yam
l\TU/TimesNewRoman(0)/m/n/13 , chuẩn hóa trường
 []


Underfull \hbox (badness 10000) in paragraph at lines 729--730
\TU/Consolas(0)/m/n/13 path\TU/TimesNewRoman(0)/m/n/13 , \TU/Consolas(0)/m/n/13
 train\TU/TimesNewRoman(0)/m/n/13 , \TU/Consolas(0)/m/n/13 val \TU/TimesNewRoma
n(0)/m/n/13 và \TU/Consolas(0)/m/n/13 test \TU/TimesNewRoman(0)/m/n/13 để Ultra
lytics có thể
 []


Underfull \hbox (badness 10000) in paragraph at lines 730--731
[]\TU/TimesNewRoman(0)/m/n/13 Hệ thống kiểm tra số lượng ảnh, số file nhãn ở
 []


Underfull \hbox (badness 10000) in paragraph at lines 731--732
[]\TU/TimesNewRoman(0)/m/n/13 Hệ thống đếm phân phối object theo lớp trong tập
 []


Underfull \hbox (badness 10000) in paragraph at lines 731--732
\TU/TimesNewRoman(0)/m/n/13 train để người nghiên cứu phát hiện sớm mất cân
 []


Underfull \hbox (badness 10000) in paragraph at lines 737--738
[]\TU/TimesNewRoman(0)/m/n/13 Người nghiên cứu chọn mô hình khởi tạo
 []


Underfull \hbox (badness 10000) in paragraph at lines 737--738
\TU/Consolas(0)/m/n/13 MODEL_NAME = yolo11m.pt \TU/TimesNewRoman(0)/m/n/13 và t
ên phiên chạy
 []


Underfull \hbox (badness 10000) in paragraph at lines 738--739
[]\TU/TimesNewRoman(0)/m/n/13 Hệ thống thiết lập cấu hình huấn luyện gồm
 []


Underfull \hbox (badness 10000) in paragraph at lines 738--739
\TU/Consolas(0)/m/n/13 EPOCHS = 100\TU/TimesNewRoman(0)/m/n/13 , \TU/Consolas(0
)/m/n/13 IMGSZ = 640\TU/TimesNewRoman(0)/m/n/13 , \TU/Consolas(0)/m/n/13 BATCH 
= 16 \TU/TimesNewRoman(0)/m/n/13 và
 []


Underfull \hbox (badness 10000) in paragraph at lines 739--740
[]\TU/TimesNewRoman(0)/m/n/13 Hệ thống khởi tạo đối tượng \TU/Consolas(0)/m/n/1
3 YOLO(MODEL_NAME)
 []


Underfull \hbox (badness 10000) in paragraph at lines 740--741
[]\TU/TimesNewRoman(0)/m/n/13 Hệ thống gọi \TU/Consolas(0)/m/n/13 model.train \
TU/TimesNewRoman(0)/m/n/13 với \TU/Consolas(0)/m/n/13 task = detect\TU/TimesNew
Roman(0)/m/n/13 ,
 []


Underfull \hbox (badness 10000) in paragraph at lines 740--741
\TU/TimesNewRoman(0)/m/n/13 optimizer \TU/Consolas(0)/m/n/13 AdamW\TU/TimesNewR
oman(0)/m/n/13 , learning rate ban đầu \TU/Consolas(0)/m/n/13 lr0 =
 []


Underfull \hbox (badness 10000) in paragraph at lines 740--741
\TU/Consolas(0)/m/n/13 0.001\TU/TimesNewRoman(0)/m/n/13 , \TU/Consolas(0)/m/n/1
3 cos_lr = True\TU/TimesNewRoman(0)/m/n/13 , \TU/Consolas(0)/m/n/13 close_mosai
c = 10\TU/TimesNewRoman(0)/m/n/13 ,
 []


Underfull \hbox (badness 10000) in paragraph at lines 740--741
\TU/Consolas(0)/m/n/13 augment = True\TU/TimesNewRoman(0)/m/n/13 , \TU/Consolas
(0)/m/n/13 seed = 42\TU/TimesNewRoman(0)/m/n/13 , \TU/Consolas(0)/m/n/13 determ
inistic
 []


Underfull \hbox (badness 10000) in paragraph at lines 740--741
\TU/Consolas(0)/m/n/13 = True\TU/TimesNewRoman(0)/m/n/13 , \TU/Consolas(0)/m/n/
13 device = 0\TU/TimesNewRoman(0)/m/n/13 , \TU/Consolas(0)/m/n/13 workers = 2 \
TU/TimesNewRoman(0)/m/n/13 và \TU/Consolas(0)/m/n/13 amp =
 []


Underfull \hbox (badness 10000) in paragraph at lines 741--742
[]\TU/TimesNewRoman(0)/m/n/13 Trong quá trình huấn luyện, Ultralytics lưu
 []


Underfull \hbox (badness 10000) in paragraph at lines 741--742
\TU/TimesNewRoman(0)/m/n/13 checkpoint, log, metric và biểu đồ vào thư mục
 []


Underfull \hbox (badness 10000) in paragraph at lines 741--742
\TU/Consolas(0)/m/n/13 SAVE_DIR/RUN_NAME\TU/TimesNewRoman(0)/m/n/13 ; nếu valid
ation không
 []


Underfull \hbox (badness 10000) in paragraph at lines 741--742
\TU/TimesNewRoman(0)/m/n/13 cải thiện sau số epoch kiên nhẫn, cơ chế early
 []


Underfull \hbox (badness 10000) in paragraph at lines 747--748
[]\TU/TimesNewRoman(0)/m/n/13 Hệ thống mở các biểu đồ kết quả nếu tồn tại,
 []


Underfull \hbox (badness 10000) in paragraph at lines 747--748
\TU/TimesNewRoman(0)/m/n/13 gồm \TU/Consolas(0)/m/n/13 results.png\TU/TimesNewR
oman(0)/m/n/13 , \TU/Consolas(0)/m/n/13 confusion_matrix.png\TU/TimesNewRoman(0
)/m/n/13 ,
 []


Underfull \hbox (badness 10000) in paragraph at lines 747--748
\TU/Consolas(0)/m/n/13 PR_curve.png\TU/TimesNewRoman(0)/m/n/13 , \TU/Consolas(0
)/m/n/13 F1_curve.png\TU/TimesNewRoman(0)/m/n/13 , \TU/Consolas(0)/m/n/13 P_cur
ve.png \TU/TimesNewRoman(0)/m/n/13 và
 []


Underfull \hbox (badness 10000) in paragraph at lines 748--749
[]\TU/TimesNewRoman(0)/m/n/13 Hệ thống lấy checkpoint tốt nhất tại
 []


Underfull \hbox (badness 10000) in paragraph at lines 748--749
\TU/Consolas(0)/m/n/13 RUN_DIR/weights/best.pt \TU/TimesNewRoman(0)/m/n/13 và k
hởi tạo lại
 []


Underfull \hbox (badness 10000) in paragraph at lines 749--750
[]\TU/TimesNewRoman(0)/m/n/13 Hệ thống chọn split đánh giá là \TU/Consolas(0)/m
/n/13 test \TU/TimesNewRoman(0)/m/n/13 nếu thư mục
 []


Underfull \hbox (badness 10000) in paragraph at lines 750--751
[]\TU/TimesNewRoman(0)/m/n/13 Hệ thống chạy \TU/Consolas(0)/m/n/13 trained_mode
l.val \TU/TimesNewRoman(0)/m/n/13 với \TU/Consolas(0)/m/n/13 imgsz =
 []


Underfull \hbox (badness 10000) in paragraph at lines 750--751
\TU/Consolas(0)/m/n/13 640\TU/TimesNewRoman(0)/m/n/13 , sinh plot đánh giá và i
n các chỉ số \TU/Consolas(0)/m/n/13 mAP50-95\TU/TimesNewRoman(0)/m/n/13 ,
 []


Underfull \hbox (badness 10000) in paragraph at lines 751--752
[]\TU/TimesNewRoman(0)/m/n/13 Hệ thống chạy \TU/Consolas(0)/m/n/13 trained_mode
l.predict \TU/TimesNewRoman(0)/m/n/13 trên
 []


Underfull \hbox (badness 10000) in paragraph at lines 751--752
\TU/TimesNewRoman(0)/m/n/13 ảnh của split đánh giá với \TU/Consolas(0)/m/n/13 c
onf = 0.25\TU/TimesNewRoman(0)/m/n/13 , \TU/Consolas(0)/m/n/13 iou =
 []


Underfull \hbox (badness 10000) in paragraph at lines 752--753
[]\TU/TimesNewRoman(0)/m/n/13 Người nghiên cứu xem một số ảnh dự đoán đầu
 []


Underfull \hbox (badness 10000) in paragraph at lines 753--754
[]\TU/TimesNewRoman(0)/m/n/13 Hệ thống sao chép \TU/Consolas(0)/m/n/13 best.pt 
\TU/TimesNewRoman(0)/m/n/13 thành
 []


Underfull \hbox (badness 10000) in paragraph at lines 753--754
\TU/Consolas(0)/m/n/13 best_doctor_medical_yolo11m_v7.pt \TU/TimesNewRoman(0)/m
/n/13 trong
 []


Underfull \hbox (badness 10000) in paragraph at lines 759--760
[]\TU/TimesNewRoman(0)/m/n/13 Nếu Roboflow API key không hợp lệ hoặc không
 []


Underfull \hbox (badness 10000) in paragraph at lines 759--760
\TU/TimesNewRoman(0)/m/n/13 có quyền truy cập project, hệ thống dừng ở bước
 []


Underfull \hbox (badness 10000) in paragraph at lines 759--760
\TU/TimesNewRoman(0)/m/n/13 tải dataset và yêu cầu người nghiên cứu kiểm tra
 []


Underfull \hbox (badness 10000) in paragraph at lines 760--761
[]\TU/TimesNewRoman(0)/m/n/13 Nếu \TU/Consolas(0)/m/n/13 data.yaml \TU/TimesNew
Roman(0)/m/n/13 thiếu đường dẫn \TU/Consolas(0)/m/n/13 valid/images\TU/TimesNew
Roman(0)/m/n/13 ,
 []


Underfull \hbox (badness 10000) in paragraph at lines 760--761
\TU/TimesNewRoman(0)/m/n/13 hệ thống kiểm tra biến thể \TU/Consolas(0)/m/n/13 v
al/images\TU/TimesNewRoman(0)/m/n/13 ; nếu cả
 []


Underfull \hbox (badness 10000) in paragraph at lines 760--761
\TU/TimesNewRoman(0)/m/n/13 hai không tồn tại, người nghiên cứu phải kiểm tra
 []


Underfull \hbox (badness 10000) in paragraph at lines 761--762
[]\TU/TimesNewRoman(0)/m/n/13 Nếu số ảnh và số file nhãn ở một split chênh lệch

 []


Underfull \hbox (badness 10000) in paragraph at lines 761--762
\TU/TimesNewRoman(0)/m/n/13 bất thường, người nghiên cứu kiểm tra lại quá
 []


Underfull \hbox (badness 10000) in paragraph at lines 761--762
\TU/TimesNewRoman(0)/m/n/13 trình export hoặc annotation trên Roboflow trước
 []


Underfull \hbox (badness 10000) in paragraph at lines 762--763
[]\TU/TimesNewRoman(0)/m/n/13 Nếu phân phối lớp quá lệch hoặc lớp quan trọng
 []


Underfull \hbox (badness 10000) in paragraph at lines 762--763
\TU/TimesNewRoman(0)/m/n/13 gần như không có mẫu trong validation/test,
 []


Underfull \hbox (badness 10000) in paragraph at lines 762--763
\TU/TimesNewRoman(0)/m/n/13 người nghiên cứu tạo lại version Roboflow hoặc
 []


Underfull \hbox (badness 10000) in paragraph at lines 763--764
[]\TU/TimesNewRoman(0)/m/n/13 Nếu môi trường không có GPU, thiếu bộ nhớ
 []


Underfull \hbox (badness 10000) in paragraph at lines 763--764
\TU/TimesNewRoman(0)/m/n/13 hoặc batch size 16 gây lỗi, người nghiên cứu
 []


Underfull \hbox (badness 10000) in paragraph at lines 763--764
\TU/TimesNewRoman(0)/m/n/13 giảm batch size, tắt AMP hoặc chuyển sang máy
 []


Underfull \hbox (badness 10000) in paragraph at lines 764--765
[]\TU/TimesNewRoman(0)/m/n/13 Nếu không có tập test, hệ thống dùng tập valida-
 []


Underfull \hbox (badness 10000) in paragraph at lines 764--765
\TU/TimesNewRoman(0)/m/n/13 tion để đánh giá tạm thời và ghi rõ split đã dùng
 []


Underfull \hbox (badness 10000) in paragraph at lines 768--768
\TU/TimesNewRoman(0)/m/n/13 checkpoint \TU/Consolas(0)/m/n/13 best.pt \TU/Times
NewRoman(0)/m/n/13 và \TU/Consolas(0)/m/n/13 last.pt\TU/TimesNewRoman(0)/m/n/13
 , file 
 []

[48] [49] [50] [51] [52] [53]) [54] [55]
\openout2 = `chapters/04_phuong_phap_de_xuat.aux'.

 (chapters/04_phuong_phap_de_xuat.tex
Chương 5.
[56




] [57] [58] [59] [60] [61]) [62]
\openout2 = `chapters/05_thuc_nghiem_va_danh_gia.aux'.

 (chapters/05_thuc_nghiem_va_danh_gia.tex
Chương 6.
[63




] [64] [65] [66] [67] [68]
File: images/confusion_matrix.png Graphic file (type bmp)
<images/confusion_matrix.png>
File: images/confusion_matrix_normalized.png Graphic file (type bmp)
<images/confusion_matrix_normalized.png>
 [69]
File: images/BoxPR_curve.png Graphic file (type bmp)
<images/BoxPR_curve.png>
File: images/BoxF1_curve.png Graphic file (type bmp)
<images/BoxF1_curve.png>
File: images/BoxP_curve.png Graphic file (type bmp)
<images/BoxP_curve.png>
File: images/BoxR_curve.png Graphic file (type bmp)
<images/BoxR_curve.png>
 [70] [71]) [72] [73]
\openout2 = `chapters/06_ket_luan_va_huong_phat_trien.aux'.


(chapters/06_ket_luan_va_huong_phat_trien.tex
Chương 7.
[74




] [75]) [76] (references.tex) [77




] (main.aux (chapters/01_mo_dau.aux)
(chapters/02_co_so_ly_thuyet_va_phap_ly.aux)
(chapters/03_du_lieu_va_gan_nhan.aux)
(chapters/04_phan_tich_va_thiet_ke_he_thong.aux)
(chapters/04_phuong_phap_de_xuat.aux) (chapters/05_thuc_nghiem_va_danh_gia.aux)
(chapters/06_ket_luan_va_huong_phat_trien.aux))
 ***********
LaTeX2e <2026-06-01>
L3 programming layer <2026-05-26>
 ***********
Package rerunfilecheck Info: File `main.out' has not changed.
(rerunfilecheck)             Checksum: 4F0E399EF415455E0BBDDC8D6FD4A696;15808.
 ) 
Here is how much of TeX's memory you used:
 29299 strings out of 402628
 586110 string characters out of 5446359
 1087039 words of memory out of 5000000
 57847 multiletter control sequences out of 15000+600000
 635941 words of font info for 120 fonts, out of 8000000 for 9000
 1348 hyphenation exceptions out of 8191
 89i,12n,116p,807b,889s stack positions out of 10000i,1000n,20000p,200000b,200000s

Output written on main.pdf (85 pages).
